[2026-02-27 17:48:00] INFO: Starting Test: Dashboard visible @smoke
[2026-02-27 17:48:04] INFO: Starting login process
[2026-02-27 17:48:05] INFO: Entered username: roc34
[2026-02-27 17:48:05] INFO: Entered password
[2026-02-27 17:48:06] INFO: Clicked Login button
[2026-02-27 17:48:07] INFO: Clicked ROC radio button
[2026-02-27 17:55:00] INFO: Starting Test: After login Dashboard visible @smoke
[2026-02-27 17:55:01] INFO: Starting login process
[2026-02-27 17:55:04] INFO: Login successful - Dashboard loaded
[2026-02-27 17:55:04] INFO: Starting Dashboard validation test
[2026-02-27 17:55:05] INFO: Dashboard heading is visible
[2026-02-27 17:55:05] INFO: Test Passed: After login Dashboard visible @smoke
[2026-02-27 17:55:20] INFO: Starting Test: After login Dashboard visible @smoke
[2026-02-27 17:55:21] INFO: Starting login process
[2026-02-27 17:55:24] INFO: Login successful - Dashboard loaded
[2026-02-27 17:55:24] INFO: Starting Dashboard validation test
[2026-02-27 17:55:25] INFO: Dashboard heading is visible
[2026-02-27 17:55:25] INFO: Test Passed: After login Dashboard visible @smoke
[2026-02-27 17:56:51] INFO: Starting Test: After login Dashboard visible @smoke
[2026-02-27 17:56:54] INFO: Starting login process
[2026-02-27 17:56:57] INFO: Login successful - Dashboard loaded
[2026-02-27 17:56:57] INFO: Starting Dashboard validation test
[2026-02-27 17:56:57] INFO: Dashboard heading is visible
[2026-02-27 17:56:57] INFO: Test Passed: After login Dashboard visible @smoke
[2026-02-27 18:08:49] INFO: Starting Test: After login Dashboard visible @smoke
[2026-02-27 18:08:50] INFO: Starting login process
[2026-02-27 18:08:53] INFO: Login successful - Dashboard loaded
[2026-02-27 18:08:53] INFO: Starting Dashboard validation test
[2026-02-27 18:08:54] INFO: Dashboard heading is visible
[2026-02-27 18:08:54] INFO: Test Passed: After login Dashboard visible @smoke
[2026-02-27 18:08:54] INFO: Starting logout process
[2026-02-27 18:09:26] ERROR: Logout failed or already logged out
[2026-02-27 18:11:18] INFO: Starting Test: After login Dashboard visible @smoke
[2026-02-27 18:11:20] INFO: Starting login process
[2026-02-27 18:11:23] INFO: Login successful - Dashboard loaded
[2026-02-27 18:11:23] INFO: Starting Dashboard validation test
[2026-02-27 18:11:23] INFO: Dashboard heading is visible
[2026-02-27 18:11:23] INFO: Test Passed: After login Dashboard visible @smoke
[2026-02-27 18:11:23] INFO: Starting logout process
[2026-02-27 18:11:25] INFO: Logout successful - redirected to Login page
[2026-02-27 18:11:25] INFO: Logged out successfully after test completion
[2026-02-27 18:20:49] INFO: Starting Test: After login Dashboard visible @smoke
[2026-02-27 18:20:50] INFO: Starting login process
[2026-02-27 18:24:33] INFO: Starting Test: After login Dashboard visible @smoke
[2026-02-27 18:24:34] INFO: Starting login process
[2026-02-27 18:27:23] INFO: Starting Test: After login Dashboard visible @smoke
[2026-02-27 18:27:24] INFO: Starting login process
[2026-02-27 18:28:31] INFO: Starting Test: After login Dashboard visible @smoke
[2026-02-27 18:28:33] INFO: Starting login process
[2026-02-27 18:30:45] INFO: Starting Test: After login Dashboard visible @smoke
[2026-02-27 18:30:46] INFO: Starting login process
[2026-02-27 18:32:01] INFO: Starting Test: After login Dashboard visible @smoke
[2026-02-27 18:32:02] INFO: Starting login process
[2026-02-27 18:35:04] INFO: Starting Test: After login Dashboard visible @smoke
[2026-02-27 18:35:06] INFO: Starting login process
[2026-02-27 18:39:07] INFO: Starting Test: After login Dashboard visible @smoke
[2026-02-27 18:39:09] INFO: Starting login process
[2026-02-27 18:45:46] INFO: Starting Test: After login Dashboard visible @smoke
[2026-02-27 18:45:47] INFO: Starting login process
[2026-02-27 18:46:33] INFO: Starting Test: After login Dashboard visible @smoke
[2026-02-27 18:46:35] INFO: Starting login process
[2026-02-27 18:48:33] INFO: Starting Test: After login Dashboard visible @smoke
[2026-02-27 18:48:35] INFO: Starting login process
[2026-02-27 18:49:06] INFO: Starting Test: After login Dashboard visible @smoke
[2026-02-27 18:49:07] INFO: Starting login process
[2026-02-27 18:49:30] INFO: Starting Test: After login Dashboard visible @smoke
[2026-02-27 18:49:32] INFO: Starting login process
[2026-02-27 18:53:40] INFO: Starting Test: After login Dashboard visible
[2026-02-27 18:53:41] INFO: Starting login process
[2026-02-27 18:53:45] INFO: Login successful - Dashboard loaded
[2026-02-27 18:53:45] INFO: Starting Dashboard validation test
[2026-02-27 18:53:46] INFO: Dashboard heading is visible
[2026-02-27 18:53:46] INFO: Test Passed: After login Dashboard visible
[2026-02-27 18:53:46] INFO: Starting logout process
[2026-02-27 18:53:47] INFO: Logout successful - redirected to Login page
[2026-02-27 18:53:47] INFO: Logged out successfully after test completion
[2026-02-27 18:56:59] INFO: Starting Test: After login Dashboard visible
[2026-02-27 18:57:00] INFO: Starting login process
[2026-02-27 18:59:52] INFO: Starting Test: After login Dashboard visible
[2026-02-27 18:59:53] INFO: Starting login process
[2026-02-27 19:01:29] INFO: Starting Test: After login Dashboard visible
[2026-02-27 19:01:31] INFO: Starting login process
[2026-02-27 19:02:56] INFO: Starting Test: After login Dashboard visible
[2026-02-27 19:02:57] INFO: Starting login process
[2026-02-27 19:03:49] INFO: Starting Test: After login Dashboard visible
[2026-02-27 19:03:50] INFO: Starting login process
[2026-03-02 11:05:18] INFO: Starting Test: After login Dashboard visible
[2026-03-02 11:05:19] INFO: Starting login process
[2026-03-02 11:11:40] INFO: Starting Test: After login Dashboard visible
[2026-03-02 11:11:41] INFO: Starting login process
[2026-03-02 11:11:45] INFO: Login successful - Dashboard loaded
[2026-03-02 11:11:45] INFO: Starting Dashboard validation test
[2026-03-02 11:11:46] INFO: Dashboard heading is visible
[2026-03-02 11:11:46] INFO: Test Passed: After login Dashboard visible
[2026-03-02 11:11:46] INFO: Starting logout process
[2026-03-02 11:12:18] ERROR: Logout failed or already logged out
[2026-03-02 11:12:53] INFO: Starting Test: After login Dashboard visible
[2026-03-02 11:12:54] INFO: Starting login process
[2026-03-02 11:12:57] INFO: Login successful - Dashboard loaded
[2026-03-02 11:12:57] INFO: Starting Dashboard validation test
[2026-03-02 11:12:59] INFO: Dashboard heading is visible
[2026-03-02 11:12:59] INFO: Test Passed: After login Dashboard visible
[2026-03-02 11:12:59] INFO: Starting logout process
[2026-03-02 11:13:30] ERROR: Logout failed or already logged out
[2026-03-02 11:17:18] INFO: Starting Test: After login Dashboard visible
[2026-03-02 11:17:19] INFO: Starting login process
[2026-03-02 11:17:23] INFO: Login successful - Dashboard loaded
[2026-03-02 11:17:23] INFO: Starting Dashboard validation test
[2026-03-02 11:17:24] INFO: Dashboard heading is visible
[2026-03-02 11:17:24] INFO: Test Passed: After login Dashboard visible
[2026-03-02 11:17:24] INFO: Starting logout process
[2026-03-02 11:17:25] INFO: Logout successful
[2026-03-02 11:17:25] INFO: Logged out successfully after test completion
[2026-03-02 11:37:18] INFO: Starting Test: After login Dashboard visible
[2026-03-02 11:37:19] INFO: Starting login process
[2026-03-02 11:37:23] INFO: Login successful - Dashboard loaded
[2026-03-02 11:37:23] INFO: Starting Dashboard validation test
[2026-03-02 11:37:24] INFO: Dashboard heading is visible
[2026-03-02 11:37:24] INFO: Test Passed: After login Dashboard visible
[2026-03-02 11:37:24] INFO: Starting logout process
[2026-03-02 11:37:25] INFO: Logout successful
[2026-03-02 11:37:25] INFO: Logged out successfully after test completion
[2026-03-02 11:38:42] INFO: Starting Test: After login Dashboard visible
[2026-03-02 11:39:01] INFO: Starting Test: After login Dashboard visible
[2026-03-02 11:40:20] INFO: Starting Test: After login Dashboard visible
[2026-03-02 11:40:23] INFO: Starting login process
[2026-03-02 11:40:27] INFO: Login successful - Dashboard loaded
[2026-03-02 11:40:27] INFO: Starting Dashboard validation test
[2026-03-02 11:40:28] INFO: Dashboard heading is visible
[2026-03-02 11:40:28] INFO: Test Passed: After login Dashboard visible
[2026-03-02 11:40:28] INFO: Starting logout process
[2026-03-02 11:40:29] INFO: Logout successful
[2026-03-02 11:40:29] INFO: Logged out successfully after test completion
[2026-03-02 11:45:15] INFO: Starting Test: After login Dashboard visible
[2026-03-02 11:45:16] INFO: Starting login process
[2026-03-02 11:45:20] INFO: Login successful - Dashboard loaded
[2026-03-02 11:45:20] INFO: Starting Dashboard validation test
[2026-03-02 11:45:21] INFO: Dashboard heading is visible
[2026-03-02 11:45:21] INFO: Test Passed: After login Dashboard visible
[2026-03-02 11:45:21] INFO: Starting logout process
[2026-03-02 11:45:21] INFO: Logout successful
[2026-03-02 11:45:21] INFO: Logged out successfully after test completion
[2026-03-02 11:51:58] INFO: Starting Test: After login Dashboard visible
[2026-03-02 11:51:59] INFO: Starting login process
[2026-03-02 11:52:02] INFO: Login successful - Dashboard loaded
[2026-03-02 11:52:02] INFO: Starting Dashboard validation test
[2026-03-02 11:52:03] INFO: Dashboard heading is visible
[2026-03-02 11:52:03] INFO: Test Passed: After login Dashboard visible
[2026-03-02 11:52:03] INFO: Starting logout process
[2026-03-02 11:52:04] INFO: Logout successful
[2026-03-02 11:52:04] INFO: Logged out successfully after test completion
[2026-03-02 12:00:43] INFO: Starting Test: After login Dashboard visible
[2026-03-02 12:00:45] INFO: Starting login process
[2026-03-02 12:07:12] INFO: Starting Test: After login Dashboard visible
[2026-03-02 12:07:13] INFO: Starting login process
[2026-03-02 12:07:16] INFO: Login successful - Dashboard loaded
[2026-03-02 12:07:16] INFO: Starting Dashboard validation test
[2026-03-02 12:07:17] INFO: Dashboard heading is visible
[2026-03-02 12:07:17] INFO: Test Passed: After login Dashboard visible
[2026-03-02 12:07:17] INFO: Starting logout process
[2026-03-02 12:07:18] INFO: Logout successful
[2026-03-02 12:07:18] INFO: Logged out successfully after test completion
[2026-03-02 12:09:15] INFO: Starting Test: After login Dashboard visible
[2026-03-02 12:09:16] INFO: Starting login process
[2026-03-02 12:09:20] INFO: Login successful - Dashboard loaded
[2026-03-02 12:09:20] INFO: Starting Dashboard validation test
[2026-03-02 12:09:21] INFO: Dashboard heading is visible
[2026-03-02 12:09:21] INFO: Test Passed: After login Dashboard visible
[2026-03-02 12:09:21] INFO: Starting logout process
[2026-03-02 12:09:21] INFO: Logout successful
[2026-03-02 12:09:21] INFO: Logged out successfully after test completion
[2026-03-02 13:10:45] INFO: Starting Test: After login Dashboard visible
[2026-03-02 13:10:45] INFO: Starting Test: Verify build accessibility and role-based user creation
[2026-03-02 13:10:49] INFO: Starting login process
[2026-03-02 13:10:49] INFO: Starting login process
[2026-03-02 13:10:53] INFO: Login successful - Dashboard loaded
[2026-03-02 13:10:53] INFO: Navigating to Create Account page
[2026-03-02 13:10:53] INFO: Login successful - Dashboard loaded
[2026-03-02 13:10:53] INFO: Starting Dashboard validation test
[2026-03-02 13:10:54] INFO: Dashboard heading is visible
[2026-03-02 13:10:54] INFO: Test Passed: After login Dashboard visible
[2026-03-02 13:10:54] INFO: Starting logout process
[2026-03-02 13:10:55] INFO: Logout successful
[2026-03-02 13:10:55] INFO: Logged out successfully after test completion
[2026-03-02 13:10:56] INFO: Selecting role: [object Object]
[2026-03-02 13:10:56] INFO: Filling user details form
[2026-03-02 13:10:56] ERROR: Test Failed: Verify build accessibility and role-based user creation
[2026-03-02 13:10:56] INFO: Screenshot attached to Allure report
[2026-03-02 13:10:56] INFO: Starting logout process
[2026-03-02 13:10:57] INFO: Logout successful
[2026-03-02 13:10:57] INFO: Logged out successfully after test completion
[2026-03-02 14:42:04] INFO: Starting Test: After login Dashboard visible
[2026-03-02 14:42:04] INFO: Starting Test: Verify build accessibility and role-based user creation
[2026-03-02 14:42:07] INFO: Starting login process
[2026-03-02 14:42:07] INFO: Starting login process
[2026-03-02 14:42:11] INFO: Login successful - Dashboard loaded
[2026-03-02 14:42:11] INFO: Navigating to Create Account page
[2026-03-02 14:42:11] INFO: Login successful - Dashboard loaded
[2026-03-02 14:42:11] INFO: Starting Dashboard validation test
[2026-03-02 14:42:12] INFO: Dashboard heading is visible
[2026-03-02 14:42:12] INFO: Test Passed: After login Dashboard visible
[2026-03-02 14:42:12] INFO: Starting logout process
[2026-03-02 14:42:13] INFO: Selecting role: ROC
[2026-03-02 14:42:14] INFO: Logout successful
[2026-03-02 14:42:14] INFO: Logged out successfully after test completion
[2026-03-02 14:42:14] INFO: Filling user details form
[2026-03-02 14:42:17] ERROR: Test Failed: Verify build accessibility and role-based user creation
[2026-03-02 14:42:17] INFO: Screenshot attached to Allure report
[2026-03-02 14:42:17] INFO: Starting logout process
[2026-03-02 14:42:18] INFO: Logout successful
[2026-03-02 14:42:18] INFO: Logged out successfully after test completion
[2026-03-02 14:44:24] INFO: Starting Test: After login Dashboard visible
[2026-03-02 14:44:25] INFO: Starting Test: Verify build accessibility and role-based user creation
[2026-03-02 14:44:26] INFO: Starting login process
[2026-03-02 14:44:26] INFO: Starting login process
[2026-03-02 14:44:29] INFO: Login successful - Dashboard loaded
[2026-03-02 14:44:29] INFO: Starting Dashboard validation test
[2026-03-02 14:44:29] INFO: Login successful - Dashboard loaded
[2026-03-02 14:44:29] INFO: Navigating to Create Account page
[2026-03-02 14:44:31] INFO: Dashboard heading is visible
[2026-03-02 14:44:31] INFO: Test Passed: After login Dashboard visible
[2026-03-02 14:44:31] INFO: Starting logout process
[2026-03-02 14:44:32] INFO: Logout successful
[2026-03-02 14:44:32] INFO: Logged out successfully after test completion
[2026-03-02 14:44:32] INFO: Selecting role: ROC
[2026-03-02 14:44:33] INFO: Filling user details form
[2026-03-02 14:44:37] ERROR: Test Failed: Verify build accessibility and role-based user creation
[2026-03-02 14:44:37] INFO: Screenshot attached to Allure report
[2026-03-02 14:44:37] INFO: Starting logout process
[2026-03-02 14:44:38] INFO: Logout successful
[2026-03-02 14:44:38] INFO: Logged out successfully after test completion
[2026-03-02 14:50:08] INFO: Starting Test: After login Dashboard visible
[2026-03-02 14:50:08] INFO: Starting Test: Verify build accessibility and role-based user creation
[2026-03-02 14:50:09] INFO: Starting login process
[2026-03-02 14:50:09] INFO: Starting login process
[2026-03-02 14:50:13] INFO: Login successful - Dashboard loaded
[2026-03-02 14:50:13] INFO: Login successful - Dashboard loaded
[2026-03-02 14:50:13] INFO: Navigating to Create Account page
[2026-03-02 14:50:13] INFO: Starting Dashboard validation test
[2026-03-02 14:50:14] INFO: Dashboard heading is visible
[2026-03-02 14:50:14] INFO: Test Passed: After login Dashboard visible
[2026-03-02 14:50:14] INFO: Starting logout process
[2026-03-02 14:50:16] INFO: Logout successful
[2026-03-02 14:50:16] INFO: Logged out successfully after test completion
[2026-03-02 14:50:16] INFO: Selecting role: ROC
[2026-03-02 14:50:17] INFO: Filling user details form
[2026-03-02 14:50:37] ERROR: Test Failed: Verify build accessibility and role-based user creation
[2026-03-02 14:50:37] INFO: Screenshot attached to Allure report
[2026-03-02 14:50:37] INFO: Starting logout process
[2026-03-02 14:50:38] INFO: Logout successful
[2026-03-02 14:50:38] INFO: Logged out successfully after test completion
[2026-03-02 14:52:53] INFO: Starting Test: After login Dashboard visible
[2026-03-02 14:52:53] INFO: Starting Test: Verify build accessibility and role-based user creation
[2026-03-02 14:52:54] INFO: Starting login process
[2026-03-02 14:52:54] INFO: Starting login process
[2026-03-02 14:52:57] INFO: Login successful - Dashboard loaded
[2026-03-02 14:52:57] INFO: Starting Dashboard validation test
[2026-03-02 14:52:58] INFO: Dashboard heading is visible
[2026-03-02 14:52:58] INFO: Test Passed: After login Dashboard visible
[2026-03-02 14:52:58] INFO: Starting logout process
[2026-03-02 14:52:59] INFO: Login successful - Dashboard loaded
[2026-03-02 14:52:59] INFO: Navigating to Create Account page
[2026-03-02 14:52:59] INFO: Logout successful
[2026-03-02 14:52:59] INFO: Logged out successfully after test completion
[2026-03-02 14:53:01] INFO: Selecting role: ROC
[2026-03-02 14:53:01] INFO: Filling user details form
[2026-03-02 14:53:22] ERROR: Test Failed: Verify build accessibility and role-based user creation
[2026-03-02 14:53:22] INFO: Screenshot attached to Allure report
[2026-03-02 14:53:22] INFO: Starting logout process
[2026-03-02 14:53:23] INFO: Logout successful
[2026-03-02 14:53:23] INFO: Logged out successfully after test completion
[2026-03-02 14:55:12] INFO: Starting Test: Verify build accessibility and role-based user creation
[2026-03-02 14:55:12] INFO: Starting Test: After login Dashboard visible
[2026-03-02 14:55:13] INFO: Starting login process
[2026-03-02 14:55:13] INFO: Starting login process
[2026-03-02 14:55:17] INFO: Login successful - Dashboard loaded
[2026-03-02 14:55:17] INFO: Login successful - Dashboard loaded
[2026-03-02 14:55:17] INFO: Starting Dashboard validation test
[2026-03-02 14:55:17] INFO: Navigating to Create Account page
[2026-03-02 14:55:18] INFO: Dashboard heading is visible
[2026-03-02 14:55:18] INFO: Test Passed: After login Dashboard visible
[2026-03-02 14:55:18] INFO: Starting logout process
[2026-03-02 14:55:20] INFO: Selecting role: ROC
[2026-03-02 14:55:20] INFO: Logout successful
[2026-03-02 14:55:20] INFO: Logged out successfully after test completion
[2026-03-02 14:55:20] INFO: Filling user details form
[2026-03-02 14:55:41] ERROR: Test Failed: Verify build accessibility and role-based user creation
[2026-03-02 14:55:41] INFO: Screenshot attached to Allure report
[2026-03-02 14:55:41] INFO: Starting logout process
[2026-03-02 14:55:42] INFO: Logout successful
[2026-03-02 14:55:42] INFO: Logged out successfully after test completion
[2026-03-02 14:57:21] INFO: Starting Test: Verify build accessibility and role-based user creation
[2026-03-02 14:57:22] INFO: Starting Test: After login Dashboard visible
[2026-03-02 14:57:23] INFO: Starting login process
[2026-03-02 14:57:23] INFO: Starting login process
[2026-03-02 14:57:27] INFO: Login successful - Dashboard loaded
[2026-03-02 14:57:27] INFO: Starting Dashboard validation test
[2026-03-02 14:57:27] INFO: Login successful - Dashboard loaded
[2026-03-02 14:57:27] INFO: Navigating to Create Account page
[2026-03-02 14:57:29] INFO: Dashboard heading is visible
[2026-03-02 14:57:29] INFO: Test Passed: After login Dashboard visible
[2026-03-02 14:57:29] INFO: Starting logout process
[2026-03-02 14:57:30] INFO: Logout successful
[2026-03-02 14:57:30] INFO: Logged out successfully after test completion
[2026-03-02 14:57:31] INFO: Selecting role: ROC
[2026-03-02 14:57:31] INFO: Filling user details form
[2026-03-02 14:57:36] ERROR: Test Failed: Verify build accessibility and role-based user creation
[2026-03-02 14:57:36] INFO: Screenshot attached to Allure report
[2026-03-02 14:57:36] INFO: Starting logout process
[2026-03-02 14:57:37] INFO: Logout successful
[2026-03-02 14:57:37] INFO: Logged out successfully after test completion
[2026-03-02 14:58:51] INFO: Starting Test: Verify build accessibility and role-based user creation
[2026-03-02 14:58:51] INFO: Starting Test: After login Dashboard visible
[2026-03-02 14:58:53] INFO: Starting login process
[2026-03-02 14:58:53] INFO: Starting login process
[2026-03-02 14:58:56] INFO: Login successful - Dashboard loaded
[2026-03-02 14:58:56] INFO: Navigating to Create Account page
[2026-03-02 14:58:57] INFO: Login successful - Dashboard loaded
[2026-03-02 14:58:57] INFO: Starting Dashboard validation test
[2026-03-02 14:58:59] INFO: Dashboard heading is visible
[2026-03-02 14:58:59] INFO: Test Passed: After login Dashboard visible
[2026-03-02 14:58:59] INFO: Starting logout process
[2026-03-02 14:59:00] INFO: Selecting role: ROC
[2026-03-02 14:59:00] INFO: Logout successful
[2026-03-02 14:59:00] INFO: Logged out successfully after test completion
[2026-03-02 14:59:01] INFO: Filling user details form
[2026-03-02 14:59:06] ERROR: Test Failed: Verify build accessibility and role-based user creation
[2026-03-02 14:59:06] INFO: Screenshot attached to Allure report
[2026-03-02 14:59:06] INFO: Starting logout process
[2026-03-02 14:59:07] INFO: Logout successful
[2026-03-02 14:59:07] INFO: Logged out successfully after test completion
[2026-03-02 15:01:48] INFO: Starting Test: After login Dashboard visible
[2026-03-02 15:01:49] INFO: Starting Test: Verify build accessibility and role-based user creation
[2026-03-02 15:01:50] INFO: Starting login process
[2026-03-02 15:01:50] INFO: Starting login process
[2026-03-02 15:01:53] INFO: Login successful - Dashboard loaded
[2026-03-02 15:01:53] INFO: Starting Dashboard validation test
[2026-03-02 15:01:54] INFO: Login successful - Dashboard loaded
[2026-03-02 15:01:54] INFO: Navigating to Create Account page
[2026-03-02 15:01:55] INFO: Dashboard heading is visible
[2026-03-02 15:01:55] INFO: Test Passed: After login Dashboard visible
[2026-03-02 15:01:55] INFO: Starting logout process
[2026-03-02 15:01:55] INFO: Logout successful
[2026-03-02 15:01:55] INFO: Logged out successfully after test completion
[2026-03-02 15:01:57] INFO: Selecting role: ROC
[2026-03-02 15:01:57] INFO: Filling user details form
[2026-03-02 15:02:02] ERROR: Test Failed: Verify build accessibility and role-based user creation
[2026-03-02 15:02:02] INFO: Screenshot attached to Allure report
[2026-03-02 15:02:02] INFO: Starting logout process
[2026-03-02 15:02:37] ERROR: Logout failed or already logged out
[2026-03-02 15:05:10] INFO: Starting Test: Verify build accessibility and role-based user creation
[2026-03-02 15:05:10] INFO: Starting Test: After login Dashboard visible
[2026-03-02 15:05:11] INFO: Starting login process
[2026-03-02 15:05:12] INFO: Starting login process
[2026-03-02 15:05:15] INFO: Login successful - Dashboard loaded
[2026-03-02 15:05:15] INFO: Starting Dashboard validation test
[2026-03-02 15:05:16] INFO: Login successful - Dashboard loaded
[2026-03-02 15:05:16] INFO: Navigating to Create Account page
[2026-03-02 15:05:17] INFO: Dashboard heading is visible
[2026-03-02 15:05:17] INFO: Test Passed: After login Dashboard visible
[2026-03-02 15:05:17] INFO: Starting logout process
[2026-03-02 15:05:18] INFO: Logout successful
[2026-03-02 15:05:18] INFO: Logged out successfully after test completion
[2026-03-02 15:05:19] INFO: Selecting role: ROC
[2026-03-02 15:05:20] INFO: Filling user details form
[2026-03-02 15:05:24] ERROR: Test Failed: Verify build accessibility and role-based user creation
[2026-03-02 15:05:25] INFO: Screenshot attached to Allure report
[2026-03-02 15:05:25] INFO: Starting logout process
[2026-03-02 15:06:02] ERROR: Logout failed or already logged out
[2026-03-02 15:54:54] INFO: Starting login process
[2026-03-02 15:54:58] INFO: Login successful - Dashboard loaded
[2026-03-02 15:54:58] INFO: Navigating to Create Account page
[2026-03-02 15:55:00] INFO: Selecting role: ROC
[2026-03-02 15:55:00] INFO: Filling user details form
[2026-03-02 15:58:58] INFO: Starting login process
[2026-03-02 15:59:02] INFO: Login successful - Dashboard loaded
[2026-03-02 15:59:02] INFO: Navigating to Create Account page
[2026-03-02 15:59:05] INFO: Selecting role: ROC
[2026-03-02 15:59:05] INFO: Filling user details form
[2026-03-02 16:01:43] INFO: Starting login process
[2026-03-02 16:01:47] INFO: Login successful - Dashboard loaded
[2026-03-02 16:01:47] INFO: Navigating to Create Account page
[2026-03-02 16:01:49] INFO: Selecting role: ROC
[2026-03-02 16:01:50] INFO: Filling user details form
[2026-03-02 16:13:40] INFO: Starting login process
[2026-03-02 16:13:44] INFO: Login successful - Dashboard loaded
[2026-03-02 16:13:44] INFO: Navigating to Create Account page
[2026-03-02 16:13:45] INFO: Selecting role: ROC
[2026-03-02 16:13:46] INFO: Filling user details form
[2026-03-02 16:23:03] INFO: Starting Test: Verify build accessibility and role-based user creation
[2026-03-02 16:23:04] INFO: Starting login process
[2026-03-02 16:23:08] INFO: Login successful - Dashboard loaded
[2026-03-02 16:23:08] INFO: Navigating to Create Account page
[2026-03-02 16:23:10] INFO: Selecting role: ROC
[2026-03-02 16:23:10] INFO: Filling user details form
[2026-03-02 16:23:16] INFO: Clicking Register
[2026-03-02 16:23:22] ERROR: Test Failed: Verify build accessibility and role-based user creation
[2026-03-02 16:23:22] INFO: Screenshot attached to Allure report
[2026-03-02 16:23:22] INFO: Starting logout process
[2026-03-02 16:23:23] INFO: Logout successful
[2026-03-02 16:23:23] INFO: Logged out successfully after test completion
[2026-03-02 16:29:10] INFO: Starting Test: Verify build accessibility and role-based user creation
[2026-03-02 16:29:11] INFO: Starting login process
[2026-03-02 16:29:15] INFO: Login successful - Dashboard loaded
[2026-03-02 16:29:15] INFO: Navigating to Create Account page
[2026-03-02 16:29:17] INFO: Selecting role: ROC
[2026-03-02 16:29:17] INFO: Filling user details form
[2026-03-02 16:29:23] INFO: Clicking Register
[2026-03-02 16:29:29] ERROR: Test Failed: Verify build accessibility and role-based user creation
[2026-03-02 16:29:29] INFO: Screenshot attached to Allure report
[2026-03-02 16:29:29] INFO: Starting logout process
[2026-03-02 16:29:30] INFO: Logout successful
[2026-03-02 16:29:30] INFO: Logged out successfully after test completion
[2026-03-02 16:31:56] INFO: Starting Test: Verify build accessibility and role-based user creation
[2026-03-02 16:31:56] INFO: Starting login process
[2026-03-02 16:31:57] INFO: Starting login process
[2026-03-02 16:32:01] INFO: Login successful - Dashboard loaded
[2026-03-02 16:32:01] INFO: Navigating to Create Account page
[2026-03-02 16:32:01] INFO: Login successful - Dashboard loaded
[2026-03-02 16:32:01] INFO: Navigating to Create Account page
[2026-03-02 16:32:03] INFO: Selecting role: ROC
[2026-03-02 16:32:04] INFO: Filling user details form
[2026-03-02 16:32:05] INFO: Selecting role: ROC
[2026-03-02 16:32:05] INFO: Filling user details form
[2026-03-02 16:32:11] INFO: Clicking Register
[2026-03-02 16:32:13] INFO: Clicking Register
[2026-03-02 16:32:17] ERROR: Test Failed: Verify build accessibility and role-based user creation
[2026-03-02 16:32:17] INFO: Screenshot attached to Allure report
[2026-03-02 16:32:17] INFO: Starting logout process
[2026-03-02 16:32:18] INFO: Logout successful
[2026-03-02 16:32:18] INFO: Logged out successfully after test completion
[2026-03-02 16:34:32] INFO: Starting Test: Verify build accessibility and role-based user creation
[2026-03-02 16:34:34] INFO: Starting login process
[2026-03-02 16:34:34] INFO: Starting login process
[2026-03-02 16:34:37] INFO: Login successful - Dashboard loaded
[2026-03-02 16:34:37] INFO: Navigating to Create Account page
[2026-03-02 16:34:38] INFO: Login successful - Dashboard loaded
[2026-03-02 16:34:38] INFO: Navigating to Create Account page
[2026-03-02 16:34:40] INFO: Selecting role: ROC
[2026-03-02 16:34:40] INFO: Selecting role: ROC
[2026-03-02 16:34:41] INFO: Filling user details form
[2026-03-02 16:34:41] INFO: Filling user details form
[2026-03-02 16:34:48] INFO: Clicking Register
[2026-03-02 16:34:49] INFO: Clicking Register
[2026-03-02 16:34:55] ERROR: Test Failed: Verify build accessibility and role-based user creation
[2026-03-02 16:34:55] INFO: Screenshot attached to Allure report
[2026-03-02 16:34:55] INFO: Starting logout process
[2026-03-02 16:34:56] INFO: Logout successful
[2026-03-02 16:34:56] INFO: Logged out successfully after test completion
[2026-03-02 16:36:57] INFO: Starting Test: Verify build accessibility and role-based user creation
[2026-03-02 16:36:59] INFO: Starting login process
[2026-03-02 16:36:59] INFO: Starting login process
[2026-03-02 16:37:03] INFO: Login successful - Dashboard loaded
[2026-03-02 16:37:03] INFO: Navigating to Create Account page
[2026-03-02 16:37:04] INFO: Login successful - Dashboard loaded
[2026-03-02 16:37:05] INFO: Navigating to Create Account page
[2026-03-02 16:37:06] INFO: Selecting role: ROC
[2026-03-02 16:37:06] INFO: Filling user details form
[2026-03-02 16:37:08] INFO: Selecting role: ROC
[2026-03-02 16:37:08] INFO: Filling user details form
[2026-03-02 16:37:14] INFO: Clicking Register
[2026-03-02 16:37:14] INFO: Starting logout process
[2026-03-02 16:37:16] INFO: Logout successful
[2026-03-02 16:37:17] INFO: Clicking Register
[2026-03-02 16:37:18] INFO: Navigating to Create Account page
[2026-03-02 16:37:18] ERROR: Test Failed: Verify build accessibility and role-based user creation
[2026-03-02 16:37:19] INFO: Screenshot attached to Allure report
[2026-03-02 16:37:19] INFO: Starting logout process
[2026-03-02 16:37:21] INFO: Logout successful
[2026-03-02 16:37:21] INFO: Logged out successfully after test completion
[2026-03-02 16:59:46] INFO: Starting Test: Verify build accessibility and role-based user creation
[2026-03-02 16:59:47] INFO: Starting login process
[2026-03-02 16:59:47] INFO: Starting login process
[2026-03-02 16:59:51] INFO: Login successful - Dashboard loaded
[2026-03-02 16:59:51] INFO: Navigating to Create Account page
[2026-03-02 16:59:51] INFO: Login successful - Dashboard loaded
[2026-03-02 16:59:51] INFO: Navigating to Create Account page
[2026-03-02 16:59:53] INFO: Selecting role: ROC
[2026-03-02 16:59:54] INFO: Filling user details form
[2026-03-02 16:59:54] INFO: Selecting role: ROC
[2026-03-02 16:59:55] INFO: Filling user details form
[2026-03-02 17:00:01] INFO: Clicking Register
[2026-03-02 17:00:01] INFO: Navigating to Create Account page
[2026-03-02 17:00:03] INFO: Clicking Register
[2026-03-02 17:00:03] INFO: Selecting role: SOC
[2026-03-02 17:00:04] INFO: Starting logout process
[2026-03-02 17:00:04] INFO: Filling user details form
[2026-03-02 17:00:06] INFO: Logout successful
[2026-03-02 17:00:15] ERROR: Test Failed: Verify build accessibility and role-based user creation
[2026-03-02 17:00:15] INFO: Screenshot attached to Allure report
[2026-03-02 17:00:15] INFO: Starting logout process
[2026-03-02 17:00:16] INFO: Logout successful
[2026-03-02 17:00:16] INFO: Logged out successfully after test completion
[2026-03-02 17:24:24] INFO: Starting Test: Verify build accessibility and role-based user creation
[2026-03-02 17:24:26] INFO: Starting login process
[2026-03-02 17:24:26] INFO: Starting login process
[2026-03-02 17:24:29] INFO: Login successful - Dashboard loaded
[2026-03-02 17:24:30] INFO: Navigating to Create Account page
[2026-03-02 17:24:30] INFO: Login successful - Dashboard loaded
[2026-03-02 17:24:30] INFO: Navigating to Create Account page
[2026-03-02 17:24:32] INFO: Selecting role: ROC
[2026-03-02 17:24:33] INFO: Filling user details for role: ROC
[2026-03-02 17:24:33] INFO: Selecting role: ROC
[2026-03-02 17:24:34] INFO: Filling user details for role: undefined
[2026-03-02 17:24:38] ERROR: Test Failed: Verify build accessibility and role-based user creation
[2026-03-02 17:24:38] INFO: Screenshot attached to Allure report
[2026-03-02 17:24:38] INFO: Starting logout process
[2026-03-02 17:24:39] INFO: Logout successful
[2026-03-02 17:24:39] INFO: Logged out successfully after test completion
[2026-03-02 18:47:13] INFO: Starting Test: Verify build accessibility and role-based user creation
[2026-03-02 18:47:13] INFO: Starting Test: After login Dashboard visible
[2026-03-02 18:47:17] INFO: Starting login process
[2026-03-02 18:47:17] INFO: Starting login process
[2026-03-02 18:47:21] INFO: Login successful - Dashboard loaded
[2026-03-02 18:47:21] INFO: Navigating to Create Account page
[2026-03-02 18:47:22] INFO: Login successful - Dashboard loaded
[2026-03-02 18:47:22] INFO: Starting Dashboard validation test
[2026-03-02 18:47:23] INFO: Dashboard heading is visible
[2026-03-02 18:47:23] INFO: Test Passed: After login Dashboard visible
[2026-03-02 18:47:23] INFO: Starting logout process
[2026-03-02 18:47:24] INFO: Selecting role: ROC
[2026-03-02 18:47:24] INFO: Logout successful
[2026-03-02 18:47:24] INFO: Logged out successfully after test completion
[2026-03-02 18:47:24] INFO: Filling user details for role: ROC
[2026-03-02 18:47:28] ERROR: Test Failed: Verify build accessibility and role-based user creation
[2026-03-02 18:47:29] INFO: Screenshot attached to Allure report
[2026-03-02 18:47:29] INFO: Starting logout process
[2026-03-02 18:47:29] INFO: Logout successful
[2026-03-02 18:47:29] INFO: Logged out successfully after test completion
[2026-03-02 18:47:52] INFO: Starting Test: After login Dashboard visible
[2026-03-02 18:47:53] INFO: Starting Test: Verify build accessibility and role-based user creation
[2026-03-02 18:47:54] INFO: Starting login process
[2026-03-02 18:47:55] INFO: Starting login process
[2026-03-02 18:48:00] INFO: Login successful - Dashboard loaded
[2026-03-02 18:48:00] INFO: Login successful - Dashboard loaded
[2026-03-02 18:48:00] INFO: Starting Dashboard validation test
[2026-03-02 18:48:00] INFO: Navigating to Create Account page
[2026-03-02 18:48:02] INFO: Dashboard heading is visible
[2026-03-02 18:48:02] INFO: Test Passed: After login Dashboard visible
[2026-03-02 18:48:02] INFO: Starting logout process
[2026-03-02 18:48:03] INFO: Logout successful
[2026-03-02 18:48:03] INFO: Logged out successfully after test completion
[2026-03-02 18:48:04] INFO: Selecting role: ROC
[2026-03-02 18:48:05] INFO: Filling user details for role: ROC
[2026-03-02 18:48:09] ERROR: Test Failed: Verify build accessibility and role-based user creation
[2026-03-02 18:48:09] INFO: Screenshot attached to Allure report
[2026-03-02 18:48:09] INFO: Starting logout process
[2026-03-02 18:48:10] INFO: Logout successful
[2026-03-02 18:48:10] INFO: Logged out successfully after test completion
[2026-03-02 18:49:13] INFO: Navigating to Create Account page
[2026-03-02 18:49:14] INFO: Starting Test: Verify build accessibility and role-based user creation
[2026-03-02 18:49:14] INFO: Starting Test: After login Dashboard visible
[2026-03-02 18:49:15] INFO: Starting login process
[2026-03-02 18:49:16] INFO: Starting login process
[2026-03-02 18:49:19] INFO: Login successful - Dashboard loaded
[2026-03-02 18:49:19] INFO: Login successful - Dashboard loaded
[2026-03-02 18:49:19] INFO: Navigating to Create Account page
[2026-03-02 18:49:19] INFO: Starting Dashboard validation test
[2026-03-02 18:49:21] INFO: Dashboard heading is visible
[2026-03-02 18:49:21] INFO: Test Passed: After login Dashboard visible
[2026-03-02 18:49:21] INFO: Starting logout process
[2026-03-02 18:49:21] INFO: Logout successful
[2026-03-02 18:49:21] INFO: Logged out successfully after test completion
[2026-03-02 18:49:22] INFO: Selecting role: ROC
[2026-03-02 18:49:22] INFO: Filling user details for role: ROC
[2026-03-02 18:49:27] ERROR: Test Failed: Verify build accessibility and role-based user creation
[2026-03-02 18:49:27] INFO: Screenshot attached to Allure report
[2026-03-02 18:49:27] INFO: Starting logout process
[2026-03-02 18:49:27] INFO: Logout successful
[2026-03-02 18:49:27] INFO: Logged out successfully after test completion
[2026-03-02 19:54:45] INFO: Starting Test: Verify build accessibility and role-based user creation
[2026-03-02 19:55:06] INFO: Starting login process
[2026-03-02 19:55:24] INFO: Login successful - Dashboard loaded
[2026-03-02 19:55:32] INFO: Navigating to Create Account page
[2026-03-02 19:55:40] INFO: Selecting role: ROC
[2026-03-02 19:55:40] INFO: Filling user details for role: ROC
[2026-03-02 19:56:14] ERROR: Test Failed: Verify build accessibility and role-based user creation
[2026-03-02 19:56:21] INFO: Screenshot attached to Allure report
[2026-03-02 19:56:21] INFO: Starting logout process
[2026-03-02 19:59:22] ERROR: Logout failed or already logged out
[2026-03-02 19:59:50] INFO: Starting Test: Verify build accessibility and role-based user creation
[2026-03-02 20:00:05] INFO: Starting login process
[2026-03-02 20:00:18] INFO: Login successful - Dashboard loaded
[2026-03-02 20:00:19] INFO: Navigating to Create Account page
[2026-03-02 20:00:23] INFO: Selecting role: ROC
[2026-03-02 20:00:24] INFO: Filling user details for role: ROC
[2026-03-02 20:00:48] ERROR: Test Failed: Verify build accessibility and role-based user creation
[2026-03-02 20:00:52] INFO: Screenshot attached to Allure report
[2026-03-02 20:00:52] INFO: Starting logout process
[2026-03-02 20:03:08] ERROR: Logout failed or already logged out
[2026-03-02 20:03:19] INFO: Starting Test: Verify build accessibility and role-based user creation
[2026-03-02 20:03:26] INFO: Starting login process
[2026-03-02 20:03:34] INFO: Login successful - Dashboard loaded
[2026-03-02 20:03:36] INFO: Navigating to Create Account page
[2026-03-02 20:03:39] INFO: Selecting role: ROC
[2026-03-02 20:03:40] INFO: Filling user details for role: ROC
[2026-03-02 20:04:15] INFO: Clicking Register
[2026-03-02 20:04:18] INFO: Navigating to Create Account page
[2026-03-02 20:04:35] INFO: Selecting role: SOC
[2026-03-02 20:04:38] INFO: Filling user details for role: SOC
[2026-03-02 20:05:08] INFO: Clicking Register
[2026-03-02 20:05:14] INFO: Navigating to Create Account page
[2026-03-02 20:17:34] ERROR: Test Failed: Verify build accessibility and role-based user creation
[2026-03-02 20:17:49] INFO: Starting Test: Verify build accessibility and role-based user creation
[2026-03-02 20:17:56] INFO: Starting login process
[2026-03-02 20:18:05] INFO: Login successful - Dashboard loaded
[2026-03-02 20:18:06] INFO: Navigating to Create Account page
[2026-03-02 20:18:10] INFO: Selecting role: ROC
[2026-03-02 20:18:11] INFO: Filling user details for role: ROC
[2026-03-02 20:18:48] INFO: Clicking Register
[2026-03-02 20:18:50] INFO: Navigating to Create Account page
[2026-03-02 20:18:57] INFO: Selecting role: SOC
[2026-03-02 20:18:59] INFO: Filling user details for role: SOC
[2026-03-02 20:19:33] INFO: Clicking Register
[2026-03-02 20:19:40] INFO: SOC popup appeared, performing action: cancel
[2026-03-02 20:27:11] ERROR: Test Failed: Verify build accessibility and role-based user creation
[2026-03-02 20:27:34] INFO: Starting Test: Verify build accessibility and role-based user creation
[2026-03-02 20:27:39] INFO: Starting login process
[2026-03-02 20:27:47] INFO: Login successful - Dashboard loaded
[2026-03-02 20:27:48] INFO: Navigating to Create Account page
[2026-03-02 20:27:53] INFO: Selecting role: ROC
[2026-03-02 20:27:53] INFO: Filling user details for role: ROC
[2026-03-02 20:28:13] INFO: Clicking Register
[2026-03-02 20:28:14] INFO: Navigating to Create Account page
[2026-03-02 20:28:20] INFO: Selecting role: SOC
[2026-03-02 20:28:22] INFO: Filling user details for role: SOC
[2026-03-02 20:28:38] INFO: Clicking Register
[2026-03-02 20:29:00] INFO: SOC popup appeared, performing action: cancel
[2026-03-02 20:29:03] INFO: Navigating to Create Account page
[2026-03-02 20:29:07] INFO: Selecting role: DOC
[2026-03-02 20:29:09] INFO: Filling user details for role: DOC
[2026-03-02 20:34:19] ERROR: Test Failed: Verify build accessibility and role-based user creation
[2026-03-02 20:34:31] INFO: Starting Test: Verify build accessibility and role-based user creation
[2026-03-02 20:34:37] INFO: Starting login process
[2026-03-02 20:34:40] INFO: Login successful - Dashboard loaded
[2026-03-02 20:34:40] INFO: Navigating to Create Account page
[2026-03-02 20:34:42] INFO: Selecting role: ROC
[2026-03-02 20:34:43] INFO: Filling user details for role: ROC
[2026-03-02 20:34:51] INFO: Clicking Register
[2026-03-02 20:34:51] INFO: Navigating to Create Account page
[2026-03-02 20:34:53] INFO: Selecting role: SOC
[2026-03-02 20:34:54] INFO: Filling user details for role: SOC
[2026-03-02 20:34:59] INFO: Clicking Register
[2026-03-02 20:35:00] INFO: SOC popup did not appear
[2026-03-02 20:35:00] INFO: Navigating to Create Account page
[2026-03-02 20:36:24] INFO: Selecting role: DOC
[2026-03-02 20:36:25] INFO: Filling user details for role: DOC
[2026-03-02 20:36:50] ERROR: Test Failed: Verify build accessibility and role-based user creation
[2026-03-03 10:15:10] INFO: Starting Test: Verify build accessibility and role-based user creation
[2026-03-03 10:15:18] INFO: Starting login process
[2026-03-03 10:15:36] INFO: Login successful - Dashboard loaded
[2026-03-03 10:15:53] INFO: Selecting role: ROC
[2026-03-03 10:16:15] ERROR: Test Failed: Verify build accessibility and role-based user creation
[2026-03-03 10:16:23] INFO: Screenshot attached to Allure report
[2026-03-03 10:16:23] INFO: Starting logout process
[2026-03-03 10:16:37] INFO: Logout successful
[2026-03-03 10:16:37] INFO: Logged out successfully after test completion
[2026-03-03 10:18:16] INFO: Starting Test: Verify build accessibility and role-based user creation
[2026-03-03 10:18:22] INFO: Starting login process
[2026-03-03 10:18:31] INFO: Login successful - Dashboard loaded
[2026-03-03 10:18:33] INFO: Navigating to Create Account page
[2026-03-03 10:18:37] INFO: Selecting role: ROC
[2026-03-03 10:18:37] INFO: Filling user details for role: ROC
[2026-03-03 10:19:03] INFO: Clicking Register
[2026-03-03 10:19:09] ERROR: Test Failed: Verify build accessibility and role-based user creation
[2026-03-03 10:22:44] INFO: Starting Test: Verify build accessibility and role-based user creation
[2026-03-03 10:22:48] INFO: Starting login process
[2026-03-03 10:22:57] INFO: Login successful - Dashboard loaded
[2026-03-03 10:23:06] INFO: Selecting role: ROC
[2026-03-03 10:23:35] INFO: ROC user created successfully
[2026-03-03 10:23:41] INFO: Selecting role: SOC
[2026-03-03 10:24:15] ERROR: Test Failed: Verify build accessibility and role-based user creation
[2026-03-03 10:26:21] INFO: Starting Test: Verify build accessibility and role-based user creation
[2026-03-03 10:26:28] INFO: Starting login process
[2026-03-03 10:26:38] INFO: Login successful - Dashboard loaded
[2026-03-03 10:26:45] INFO: Selecting role: ROC
[2026-03-03 10:27:16] INFO: ROC user created successfully
[2026-03-03 10:27:23] INFO: Selecting role: SOC
[2026-03-03 10:27:48] INFO: Handling SOC popup: cancel
[2026-03-03 10:27:52] INFO: SOC user created successfully
[2026-03-03 10:27:56] INFO: Selecting role: DOCTOR
[2026-03-03 10:28:37] INFO: DOCTOR user created successfully
[2026-03-03 10:28:37] INFO: Starting logout process
[2026-03-03 10:28:48] INFO: Logout successful
[2026-03-03 10:28:48] INFO: Starting login process
[2026-03-03 10:38:09] ERROR: Test Failed: Verify build accessibility and role-based user creation
[2026-03-03 10:38:20] INFO: Starting Test: Verify build accessibility and role-based user creation
[2026-03-03 10:38:27] INFO: Logging in with user: roc34
[2026-03-03 10:50:18] INFO: Starting Test: Verify build accessibility and role-based user creation
[2026-03-03 10:50:23] INFO: Logging in as roc34
[2026-03-03 10:50:31] INFO: No role popup - Single role mapped user
[2026-03-03 10:54:11] INFO: Starting Test: After login Dashboard visible
[2026-03-03 10:54:17] INFO: Logging in as roc34
[2026-03-03 10:54:23] INFO: No role popup - Single role mapped user
[2026-03-03 10:55:11] INFO: Starting Test: Verify build accessibility and role-based user creation
[2026-03-03 10:55:15] INFO: Logging in as roc34
[2026-03-03 10:55:21] INFO: No role popup - Single role mapped user
[2026-03-03 10:55:49] INFO: Starting Test: Verify build accessibility and role-based user creation
[2026-03-03 10:55:53] INFO: Logging in as roc34
[2026-03-03 10:55:59] INFO: No role popup - Single role mapped user
[2026-03-03 10:56:54] INFO: Starting Test: Verify build accessibility and role-based user creation
[2026-03-03 10:56:58] INFO: Starting login process
[2026-03-03 10:57:11] INFO: Login successful - Dashboard loaded
[2026-03-03 10:57:16] ERROR: Test Failed: Verify build accessibility and role-based user creation
[2026-03-03 11:15:14] INFO: Starting Test: Verify build accessibility and role-based user creation
[2026-03-03 11:15:20] INFO: Starting login process
[2026-03-03 11:16:57] INFO: Starting Test: Verify build accessibility and role-based user creation
[2026-03-03 11:17:07] INFO: Starting login process
[2026-03-03 11:17:32] INFO: Login successful - Dashboard loaded
[2026-03-03 11:17:39] INFO: Selecting role: ROC
[2026-03-03 11:18:08] INFO: ROC user created successfully
[2026-03-03 11:18:14] INFO: Selecting role: SOC
[2026-03-03 11:18:33] INFO: Handling SOC popup: cancel
[2026-03-03 11:18:34] INFO: SOC user created successfully
[2026-03-03 11:18:38] INFO: Selecting role: DOCTOR
[2026-03-03 11:19:04] INFO: DOCTOR user created successfully
[2026-03-03 11:19:04] INFO: Starting logout process
[2026-03-03 11:19:12] INFO: Logout successful
[2026-03-03 11:19:12] INFO: Starting login process
[2026-03-03 11:19:54] ERROR: Test Failed: Verify build accessibility and role-based user creation
[2026-03-03 11:34:23] INFO: Starting Test: Verify build accessibility and role-based user creation
[2026-03-03 11:34:29] INFO: Starting login process
[2026-03-03 11:34:37] INFO: Login successful - Dashboard loaded
[2026-03-03 11:34:41] INFO: Selecting role: ROC
[2026-03-03 11:35:00] INFO: ROC user created successfully
[2026-03-03 11:35:03] INFO: Selecting role: SOC
[2026-03-03 11:35:18] INFO: Handling SOC popup: cancel
[2026-03-03 11:35:20] INFO: SOC user created successfully
[2026-03-03 11:35:23] INFO: Selecting role: DOCTOR
[2026-03-03 11:35:47] INFO: DOCTOR user created successfully
[2026-03-03 11:35:47] INFO: Starting logout process
[2026-03-03 11:35:49] INFO: Logout successful
[2026-03-03 11:35:49] INFO: Starting login process
[2026-03-03 11:36:13] ERROR: Test Failed: Verify build accessibility and role-based user creation
[2026-03-03 11:36:24] INFO: Screenshot attached to Allure report
[2026-03-03 11:36:24] INFO: Starting logout process
[2026-03-03 11:36:25] ERROR: Logout failed or already logged out
[2026-03-03 14:31:47] INFO: Starting Test: Verify build accessibility and role-based user creation
[2026-03-03 14:31:55] INFO: Starting login process
[2026-03-03 14:32:12] INFO: Login successful - Dashboard loaded
[2026-03-03 14:32:25] INFO: Selecting role: ROC
[2026-03-03 14:32:45] INFO: ROC user created successfully
[2026-03-03 14:32:49] INFO: Selecting role: SOC
[2026-03-03 14:32:59] INFO: Handling SOC popup: cancel
[2026-03-03 14:33:01] INFO: SOC user created successfully
[2026-03-03 14:33:03] INFO: Selecting role: DOCTOR
[2026-03-03 14:33:19] INFO: DOCTOR user created successfully
[2026-03-03 14:33:19] ERROR: Test Failed: Verify build accessibility and role-based user creation
[2026-03-03 14:33:24] INFO: Screenshot attached to Allure report
[2026-03-03 14:33:24] ERROR: Logout failed or already logged out
[2026-03-03 14:50:27] INFO: Starting Test: Verify build accessibility and role-based user creation
[2026-03-03 14:50:27] INFO: Starting Test: After login Dashboard visible
[2026-03-03 14:50:29] INFO: Starting login process
[2026-03-03 14:50:30] INFO: Starting login process
[2026-03-03 14:55:10] INFO: Starting Test: Verify build accessibility and role-based user creation
[2026-03-03 14:55:15] INFO: Starting login process
[2026-03-03 14:55:42] INFO: Login successful - Dashboard loaded
[2026-03-03 14:55:51] INFO: Selecting role: ROC
[2026-03-03 14:56:08] INFO: ROC user created successfully
[2026-03-03 14:56:14] INFO: Selecting role: SOC
[2026-03-03 14:56:30] ERROR: Test Failed: Verify build accessibility and role-based user creation
[2026-03-03 14:56:36] INFO: Screenshot attached to Allure report
[2026-03-03 14:56:36] ERROR: Logout failed or already logged out
[2026-03-03 15:36:01] INFO: Starting Test: Verify build accessibility and role-based user creation
[2026-03-03 15:36:06] INFO: Starting login process
[2026-03-03 15:36:12] INFO: Login successful - Dashboard loaded
[2026-03-03 15:36:21] ERROR: Test Failed: Verify build accessibility and role-based user creation
[2026-03-03 15:36:21] INFO: Screenshot attached to Allure report
[2026-03-03 15:36:21] ERROR: Logout failed or already logged out
[2026-03-03 15:37:45] INFO: Starting Test: Verify build accessibility and role-based user creation
[2026-03-03 15:37:52] INFO: Starting login process
[2026-03-03 15:37:59] INFO: Login successful - Dashboard loaded
[2026-03-03 15:38:15] INFO: ROC user created successfully
[2026-03-03 15:38:39] INFO: SOC user created successfully
[2026-03-03 15:38:59] INFO: DOCTOR user created successfully
[2026-03-03 15:39:02] ERROR: Test Failed: Verify build accessibility and role-based user creation
[2026-03-03 15:39:04] INFO: Screenshot attached to Allure report
[2026-03-03 15:39:04] ERROR: Logout failed or already logged out
[2026-03-03 16:39:29] INFO: Starting Test: Verify build accessibility and role-based user creation
[2026-03-03 17:41:44] INFO: Starting login process
[2026-03-03 17:41:54] INFO: Login successful - Dashboard loaded
[2026-03-03 17:41:55] ERROR: Test Failed: Verify build accessibility and role-based user creation
[2026-03-03 17:41:56] INFO: Screenshot attached to Allure report
[2026-03-03 17:41:56] ERROR: Logout failed or already logged out
[2026-03-03 18:27:58] INFO: Starting Test: Verify build accessibility and role-based user creation
[2026-03-03 18:28:03] INFO: Starting login process
[2026-03-03 18:28:16] INFO: Login successful - Dashboard loaded
[2026-03-03 18:28:23] INFO: Starting logout process
[2026-03-03 18:28:34] INFO: Logout successful
[2026-03-03 18:28:34] INFO: Starting login process
[2026-03-03 18:29:06] ERROR: Test Failed: Verify build accessibility and role-based user creation
[2026-03-03 18:34:44] INFO: Starting Test: Verify build accessibility and role-based user creation
[2026-03-03 18:34:53] INFO: Starting login process
[2026-03-03 18:35:11] INFO: Starting logout process
[2026-03-03 18:35:19] INFO: Logout successful
[2026-03-03 18:35:19] INFO: Test Passed: Verify build accessibility and role-based user creation
[2026-03-03 18:35:19] ERROR: Logout failed or already logged out
[2026-03-03 18:35:24] INFO: Starting Test: After login Dashboard visible
[2026-03-03 18:35:31] INFO: Starting login process
[2026-03-03 18:35:44] INFO: Starting Dashboard validation test
[2026-03-03 18:35:48] INFO: Dashboard heading is visible
[2026-03-03 18:35:48] INFO: Test Passed: After login Dashboard visible
[2026-03-03 18:35:48] ERROR: Logout failed or already logged out
[2026-03-03 18:37:39] INFO: Starting Test: Verify build accessibility and role-based user creation
[2026-03-03 18:37:42] INFO: Starting login process
[2026-03-03 18:37:50] INFO: Starting logout process
[2026-03-03 18:37:53] INFO: Logout successful
[2026-03-03 18:37:53] INFO: Test Passed: Verify build accessibility and role-based user creation
[2026-03-03 18:37:53] ERROR: Logout failed or already logged out
[2026-03-03 18:37:56] INFO: Starting Test: After login Dashboard visible
[2026-03-03 18:37:57] INFO: Starting login process
[2026-03-03 18:38:04] INFO: Starting Dashboard validation test
[2026-03-03 18:38:05] INFO: Dashboard heading is visible
[2026-03-03 18:38:05] INFO: Starting logout process
[2026-03-03 18:38:09] INFO: Logout successful
[2026-03-03 18:38:09] INFO: Test Passed: After login Dashboard visible
[2026-03-03 18:38:09] ERROR: Logout failed or already logged out
[2026-03-03 21:01:10] INFO: Starting Test: ROC Login verification
[2026-03-03 21:01:10] INFO: Starting login process
[2026-03-03 21:01:18] ERROR: Test Failed: ROC Login verification
[2026-03-03 21:01:18] INFO: Screenshot attached to Allure report
[2026-03-03 21:01:18] ERROR: Logout failed or already logged out
[2026-03-03 21:02:15] INFO: Starting Test: ROC Login verification
[2026-03-03 21:02:23] INFO: Starting login process
[2026-03-03 21:02:41] INFO: Starting logout process
[2026-03-03 21:02:45] INFO: Logout successful
[2026-03-03 21:02:45] INFO: Test Passed: ROC Login verification
[2026-03-03 21:02:45] ERROR: Logout failed or already logged out
[2026-03-03 21:03:02] INFO: Starting Test: ROC Login verification
[2026-03-03 21:03:03] INFO: Starting login process
[2026-03-03 21:03:10] ERROR: Test Failed: ROC Login verification
[2026-03-03 21:03:10] INFO: Screenshot attached to Allure report
[2026-03-03 21:03:10] ERROR: Logout failed or already logged out
[2026-03-03 21:09:39] INFO: Starting Test: ROC Login verification
[2026-03-03 21:09:40] INFO: Starting login process
[2026-03-03 21:09:43] INFO: Starting logout process
[2026-03-03 21:09:44] INFO: Logout successful
[2026-03-03 21:09:44] INFO: Test Passed: ROC Login verification
[2026-03-03 21:09:44] ERROR: Logout failed or already logged out
[2026-03-03 21:13:37] INFO: Starting Test: ROC Login verification
[2026-03-03 21:13:38] INFO: Starting login process
[2026-03-03 21:13:41] INFO: Test Passed: ROC Login verification
[2026-03-03 21:13:41] ERROR: Logout failed or already logged out
[2026-03-03 21:17:40] INFO: Starting Test: ROC Login verification
[2026-03-03 21:17:41] INFO: Starting login process
[2026-03-03 21:17:44] INFO: Test Passed: ROC Login verification
[2026-03-04 11:14:20] INFO: Starting Test: ROC Login verification
[2026-03-04 11:14:21] INFO: Starting login process
[2026-03-04 11:14:23] INFO: Role selection popup did not appear. Continuing login...
[2026-03-04 11:14:33] ERROR: Test Failed: ROC Login verification
[2026-03-04 11:14:33] INFO: Screenshot attached to Allure report
[2026-03-04 11:16:55] INFO: Starting Test: ROC Login verification
[2026-03-04 11:16:55] INFO: Starting login process
[2026-03-04 11:16:56] INFO: No role selection popup. Waiting for dashboard navigation.
[2026-03-04 11:19:21] INFO: Starting Test: ROC Login verification
[2026-03-04 11:19:23] INFO: Starting login process
[2026-03-04 11:19:24] INFO: Role selection popup appeared.
[2026-03-04 11:19:25] INFO: ROC role selected and navigated to dashboard.
[2026-03-04 11:19:25] INFO: Test Passed: ROC Login verification
[2026-03-04 11:21:13] INFO: Starting Test: ROC Login verification
[2026-03-04 11:21:16] INFO: Starting login process
[2026-03-04 11:21:22] INFO: Role selection popup appeared.
[2026-03-04 11:21:37] INFO: ROC role selected and navigated to dashboard.
[2026-03-04 11:21:48] INFO: Test Passed: ROC Login verification
[2026-03-04 12:51:10] INFO: Starting Test: After login Dashboard visible
[2026-03-04 12:51:14] INFO: Starting login process
[2026-03-04 12:51:17] INFO: Role selection popup appeared.
[2026-03-04 12:51:18] INFO: ROC role selected and navigated to dashboard.
[2026-03-04 12:51:18] INFO: Starting Dashboard validation test
[2026-03-04 12:51:20] INFO: Dashboard heading is visible
[2026-03-04 12:51:20] INFO: Starting logout process
[2026-03-04 12:51:24] INFO: Logout successful
[2026-03-04 12:51:24] INFO: Test Passed: After login Dashboard visible
[2026-03-04 12:56:52] INFO: Starting Test: ROC Login verification
[2026-03-04 12:56:59] INFO: Starting login process
[2026-03-04 12:57:02] INFO: Role selection popup appeared.
[2026-03-04 12:57:04] INFO: ROC role selected and navigated to dashboard.
[2026-03-04 12:57:06] INFO: Test Passed: ROC Login verification
[2026-03-04 12:57:11] INFO: Starting Test: ROC creates new ROC user
[2026-03-04 12:57:13] INFO: Starting login process
[2026-03-04 12:57:16] INFO: Role selection popup appeared.
[2026-03-04 12:57:18] INFO: ROC role selected and navigated to dashboard.
[2026-03-04 12:57:41] ERROR: Test Failed: ROC creates new ROC user
[2026-03-04 13:01:55] INFO: Starting Test: After login Dashboard visible
[2026-03-04 13:01:59] INFO: Starting login process
[2026-03-04 13:02:04] INFO: Role selection popup appeared.
[2026-03-04 13:02:06] INFO: ROC role selected and navigated to dashboard.
[2026-03-04 13:02:06] INFO: Starting Dashboard validation test
[2026-03-04 13:02:07] INFO: Dashboard heading is visible
[2026-03-04 13:02:07] INFO: Starting logout process
[2026-03-04 13:02:12] INFO: Logout successful
[2026-03-04 13:02:12] INFO: Test Passed: After login Dashboard visible
[2026-03-04 13:05:32] INFO: Starting Test: After login Dashboard visible
[2026-03-04 13:05:37] INFO: Starting login process
[2026-03-04 13:05:40] INFO: Role selection popup appeared.
[2026-03-04 13:05:41] INFO: ROC role selected and navigated to dashboard.
[2026-03-04 13:05:41] INFO: Starting Dashboard validation test
[2026-03-04 13:05:42] INFO: Dashboard heading is visible
[2026-03-04 13:05:42] INFO: Starting logout process
[2026-03-04 13:05:44] INFO: Logout successful
[2026-03-04 13:05:44] INFO: Test Passed: After login Dashboard visible
[2026-03-04 13:05:48] INFO: Starting Test: ROC creates new ROC user
[2026-03-04 13:05:50] INFO: Starting login process
[2026-03-04 13:05:57] INFO: Role selection popup appeared.
[2026-03-04 13:06:01] INFO: ROC role selected and navigated to dashboard.
[2026-03-04 13:06:12] ERROR: Test Failed: ROC creates new ROC user
[2026-03-04 13:17:19] INFO: Starting Test: After login Dashboard visible
[2026-03-04 13:17:22] INFO: Starting login process
[2026-03-04 13:17:24] INFO: Role selection popup appeared.
[2026-03-04 13:17:25] INFO: ROC role selected and navigated to dashboard.
[2026-03-04 13:17:25] INFO: Starting Dashboard validation test
[2026-03-04 13:17:26] INFO: Dashboard heading is visible
[2026-03-04 13:17:26] INFO: Starting logout process
[2026-03-04 13:17:28] INFO: Logout successful
[2026-03-04 13:17:28] INFO: Test Passed: After login Dashboard visible
[2026-03-04 13:17:31] INFO: Starting Test: ROC creates new ROC user
[2026-03-04 13:17:33] INFO: Starting login process
[2026-03-04 13:17:35] INFO: Role selection popup appeared.
[2026-03-04 13:17:38] INFO: ROC role selected and navigated to dashboard.
[2026-03-04 13:17:53] ERROR: Test Failed: ROC creates new ROC user
[2026-03-04 13:17:54] INFO: Screenshot attached to Allure report
[2026-03-04 13:19:17] INFO: Starting Test: After login Dashboard visible
[2026-03-04 13:19:20] INFO: Starting login process
[2026-03-04 13:19:22] INFO: Role selection popup appeared.
[2026-03-04 13:19:23] INFO: ROC role selected and navigated to dashboard.
[2026-03-04 13:19:23] INFO: Starting Dashboard validation test
[2026-03-04 13:19:24] INFO: Dashboard heading is visible
[2026-03-04 13:19:24] INFO: Starting logout process
[2026-03-04 13:19:26] INFO: Logout successful
[2026-03-04 13:19:26] INFO: Test Passed: After login Dashboard visible
[2026-03-04 13:19:29] INFO: Starting Test: ROC creates new ROC user
[2026-03-04 13:19:30] INFO: Starting login process
[2026-03-04 13:19:34] INFO: Role selection popup appeared.
[2026-03-04 13:19:36] INFO: ROC role selected and navigated to dashboard.
[2026-03-04 13:19:52] ERROR: Test Failed: ROC creates new ROC user
[2026-03-04 13:19:53] INFO: Screenshot attached to Allure report
[2026-03-04 13:26:26] INFO: Starting Test: After login Dashboard visible
[2026-03-04 13:26:32] INFO: Starting login process
[2026-03-04 13:26:34] INFO: Role selection popup appeared.
[2026-03-04 13:26:35] INFO: ROC role selected and navigated to dashboard.
[2026-03-04 13:26:35] INFO: Starting Dashboard validation test
[2026-03-04 13:26:35] INFO: Dashboard heading is visible
[2026-03-04 13:26:35] INFO: Starting logout process
[2026-03-04 13:26:37] INFO: Logout successful
[2026-03-04 13:26:37] INFO: Test Passed: After login Dashboard visible
[2026-03-04 13:26:40] INFO: Starting Test: ROC creates new ROC user
[2026-03-04 13:26:44] INFO: Starting login process
[2026-03-04 13:26:46] INFO: Role selection popup appeared.
[2026-03-04 13:26:47] INFO: ROC role selected and navigated to dashboard.
[2026-03-04 13:27:22] ERROR: Test Failed: ROC creates new ROC user
[2026-03-04 13:27:37] INFO: Screenshot attached to Allure report
[2026-03-04 15:27:14] INFO: Starting Test: First ROC Login
[2026-03-04 15:27:18] INFO: Starting login process
[2026-03-04 15:27:19] INFO: Role selection popup appeared.
[2026-03-04 15:27:20] INFO: ROC role selected and navigated to dashboard.
[2026-03-04 15:27:20] INFO: Starting Dashboard validation test
[2026-03-04 15:27:21] INFO: Dashboard heading is visible
[2026-03-04 15:27:21] INFO: Starting logout process
[2026-03-04 15:27:23] INFO: Logout successful
[2026-03-04 15:27:23] INFO: Test Passed: First ROC Login
[2026-03-04 15:27:26] INFO: Starting Test: ROC creates new ROC user
[2026-03-04 15:27:30] INFO: Starting login process
[2026-03-04 15:27:33] INFO: Role selection popup appeared.
[2026-03-04 15:27:36] INFO: ROC role selected and navigated to dashboard.
[2026-03-04 15:28:20] ERROR: Test Failed: ROC creates new ROC user
[2026-03-04 15:28:25] INFO: Screenshot attached to Allure report
[2026-03-04 16:20:15] INFO: Starting Test: First ROC Login
[2026-03-04 16:20:26] INFO: Starting login process
[2026-03-04 16:20:28] INFO: Role selection popup appeared.
[2026-03-04 16:20:29] INFO: ROC role selected and navigated to dashboard.
[2026-03-04 16:20:29] INFO: Starting Dashboard validation test
[2026-03-04 16:20:31] INFO: Dashboard heading is visible
[2026-03-04 16:20:31] INFO: Starting logout process
[2026-03-04 16:20:32] INFO: Logout successful
[2026-03-04 16:20:32] INFO: Test Passed: First ROC Login
[2026-03-04 16:20:35] INFO: Starting Test: ROC creates new ROC user and validates it exists
[2026-03-04 16:20:40] INFO: Starting login process
[2026-03-04 16:20:44] INFO: Role selection popup appeared.
[2026-03-04 16:20:46] INFO: ROC role selected and navigated to dashboard.
[2026-03-04 16:20:57] ERROR: Test Failed: ROC creates new ROC user and validates it exists
[2026-03-04 16:20:58] INFO: Screenshot attached to Allure report
[2026-03-04 16:21:44] INFO: Starting Test: First ROC Login
[2026-03-04 16:21:47] INFO: Starting login process
[2026-03-04 16:21:49] INFO: Role selection popup appeared.
[2026-03-04 16:21:50] INFO: ROC role selected and navigated to dashboard.
[2026-03-04 16:21:50] INFO: Starting Dashboard validation test
[2026-03-04 16:21:50] INFO: Dashboard heading is visible
[2026-03-04 16:21:50] INFO: Starting logout process
[2026-03-04 16:21:52] INFO: Logout successful
[2026-03-04 16:21:52] INFO: Test Passed: First ROC Login
[2026-03-04 16:21:54] INFO: Starting Test: ROC creates new ROC user and validates it exists
[2026-03-04 16:21:57] INFO: Starting login process
[2026-03-04 16:21:59] INFO: Role selection popup appeared.
[2026-03-04 16:22:00] INFO: ROC role selected and navigated to dashboard.
[2026-03-04 16:22:45] ERROR: Test Failed: ROC creates new ROC user and validates it exists
[2026-03-04 16:23:02] INFO: Starting Test: First ROC Login
[2026-03-04 16:23:07] INFO: Starting login process
[2026-03-04 16:23:09] INFO: Role selection popup appeared.
[2026-03-04 16:23:10] INFO: ROC role selected and navigated to dashboard.
[2026-03-04 16:23:10] INFO: Starting Dashboard validation test
[2026-03-04 16:23:11] INFO: Dashboard heading is visible
[2026-03-04 16:23:11] INFO: Starting logout process
[2026-03-04 16:23:13] INFO: Logout successful
[2026-03-04 16:23:13] INFO: Test Passed: First ROC Login
[2026-03-04 16:23:16] INFO: Starting Test: ROC creates new ROC user and validates it exists
[2026-03-04 16:23:20] INFO: Starting login process
[2026-03-04 16:23:22] INFO: Role selection popup appeared.
[2026-03-04 16:23:23] INFO: ROC role selected and navigated to dashboard.
[2026-03-04 16:23:49] INFO: Test Passed: ROC creates new ROC user and validates it exists
[2026-03-04 18:20:04] INFO: Starting Test: First ROC Login
[2026-03-04 18:20:21] INFO: Starting login process
[2026-03-04 18:20:23] INFO: Role selection popup appeared.
[2026-03-04 18:20:24] INFO: ROC role selected and navigated to dashboard.
[2026-03-04 18:20:24] INFO: Starting Dashboard validation test
[2026-03-04 18:20:25] INFO: Dashboard heading is visible
[2026-03-04 18:20:25] INFO: Starting logout process
[2026-03-04 18:20:26] INFO: Logout successful
[2026-03-04 18:20:26] INFO: Test Passed: First ROC Login
[2026-03-04 18:20:28] INFO: Starting Test: Create ROC user: Auto Test
[2026-03-04 18:20:33] INFO: Starting login process
[2026-03-04 18:20:35] INFO: Role selection popup appeared.
[2026-03-04 18:20:36] INFO: ROC role selected and navigated to dashboard.
[2026-03-04 18:21:07] INFO: Test Passed: Create ROC user: Auto Test
[2026-03-04 18:21:12] INFO: Starting Test: Create ROC user: Auto2 Test2
[2026-03-04 18:21:18] INFO: Starting login process
[2026-03-04 18:21:20] INFO: Role selection popup appeared.
[2026-03-04 18:21:21] INFO: ROC role selected and navigated to dashboard.
[2026-03-04 18:21:45] INFO: Test Passed: Create ROC user: Auto2 Test2
[2026-03-04 18:26:05] INFO: Starting Test: First ROC Login
[2026-03-04 18:26:10] INFO: Starting login process
[2026-03-04 18:26:11] INFO: Role selection popup appeared.
[2026-03-04 18:26:13] INFO: ROC role selected and navigated to dashboard.
[2026-03-04 18:26:13] INFO: Starting Dashboard validation test
[2026-03-04 18:26:14] INFO: Dashboard heading is visible
[2026-03-04 18:26:14] INFO: Starting logout process
[2026-03-04 18:26:17] INFO: Logout successful
[2026-03-04 18:26:17] INFO: Test Passed: First ROC Login
[2026-03-04 18:26:20] INFO: Starting Test: ROC creates multiple users sequentially
[2026-03-04 18:26:25] INFO: Starting login process
[2026-03-04 18:26:29] INFO: Role selection popup appeared.
[2026-03-04 18:26:32] INFO: ROC role selected and navigated to dashboard.
[2026-03-04 18:27:06] ERROR: Test Failed: ROC creates multiple users sequentially
[2026-03-04 18:27:09] INFO: Screenshot attached to Allure report
[2026-03-04 18:29:23] INFO: Starting Test: First ROC Login
[2026-03-04 18:29:44] INFO: Starting login process
[2026-03-04 18:29:47] INFO: Role selection popup appeared.
[2026-03-04 18:29:49] INFO: ROC role selected and navigated to dashboard.
[2026-03-04 18:29:49] INFO: Starting Dashboard validation test
[2026-03-04 18:29:50] INFO: Dashboard heading is visible
[2026-03-04 18:29:50] INFO: Starting logout process
[2026-03-04 18:29:51] INFO: Logout successful
[2026-03-04 18:29:51] INFO: Test Passed: First ROC Login
[2026-03-04 18:29:54] INFO: Starting Test: ROC creates multiple users sequentially
[2026-03-04 18:29:59] INFO: Starting login process
[2026-03-04 18:30:03] INFO: Role selection popup appeared.
[2026-03-04 18:30:07] INFO: ROC role selected and navigated to dashboard.
[2026-03-04 18:31:04] INFO: Test Passed: ROC creates multiple users sequentially
[2026-03-04 18:37:48] INFO: Starting Test: First ROC Login
[2026-03-04 18:37:53] INFO: Starting login process
[2026-03-04 18:37:56] INFO: Role selection popup appeared.
[2026-03-04 18:37:57] INFO: ROC role selected and navigated to dashboard.
[2026-03-04 18:37:57] INFO: Starting Dashboard validation test
[2026-03-04 18:37:58] INFO: Dashboard heading is visible
[2026-03-04 18:37:58] INFO: Starting logout process
[2026-03-04 18:38:00] INFO: Logout successful
[2026-03-04 18:38:00] INFO: Test Passed: First ROC Login
[2026-03-04 18:38:03] INFO: Starting Test: ROC creates multiple users sequentially
[2026-03-04 18:38:05] INFO: Starting login process
[2026-03-04 18:38:08] INFO: Role selection popup appeared.
[2026-03-04 18:38:10] INFO: ROC role selected and navigated to dashboard.
[2026-03-04 18:38:10] INFO: --- Starting creation for user: roc1772629690825 | roc_1772629690825@test.com ---
[2026-03-04 18:38:10] INFO: Navigating to Role Management...
[2026-03-04 18:38:12] INFO: Clicking Create Account...
[2026-03-04 18:38:13] INFO: Filling user details and submitting form...
[2026-03-04 18:38:27] INFO: Searching user in User Management...
[2026-03-04 18:38:34] INFO: Validating user exists...
[2026-03-04 18:38:35] INFO: --- User creation SUCCESS: roc1772629690825 ---
[2026-03-04 18:38:35] INFO: --- Starting creation for user: roc1772629715912 | roc_1772629715912@test.com ---
[2026-03-04 18:38:35] INFO: Navigating to Role Management...
[2026-03-04 18:38:37] INFO: Clicking Create Account...
[2026-03-04 18:38:38] INFO: Filling user details and submitting form...
[2026-03-04 18:38:50] INFO: Searching user in User Management...
[2026-03-04 18:38:56] INFO: Validating user exists...
[2026-03-04 18:38:57] INFO: --- User creation SUCCESS: roc1772629715912 ---
[2026-03-04 18:38:57] INFO: --- Completed ROC sequential creation test ---
[2026-03-04 18:38:57] INFO: Test Passed: ROC creates multiple users sequentially
[2026-03-04 18:43:49] INFO: Starting Test: First ROC Login
[2026-03-04 18:43:53] INFO: Starting login process
[2026-03-04 18:43:54] INFO: Role selection popup appeared.
[2026-03-04 18:43:56] INFO: ROC role selected and navigated to dashboard.
[2026-03-04 18:43:56] INFO: Starting Dashboard validation test
[2026-03-04 18:43:57] INFO: Dashboard heading is visible
[2026-03-04 18:43:57] INFO: Starting logout process
[2026-03-04 18:43:58] INFO: Logout successful
[2026-03-04 18:43:58] INFO: Test Passed: First ROC Login
[2026-03-04 18:44:00] INFO: Starting Test: ROC creates multiple users sequentially
[2026-03-04 18:44:06] INFO: Starting login process
[2026-03-04 18:44:09] INFO: Role selection popup appeared.
[2026-03-04 18:44:10] INFO: ROC role selected and navigated to dashboard.
[2026-03-04 18:44:10] INFO: --- Starting creation for user: roc1772630050346 | roc_1772630050346@test.com ---
[2026-03-04 18:44:10] INFO: Navigating to Role Management...
[2026-03-04 18:44:11] INFO: Clicking Create Account...
[2026-03-04 18:44:12] INFO: Filling user details and submitting form...
[2026-03-04 18:44:24] INFO: Searching user in User Management...
[2026-03-04 18:48:04] ERROR: --- User creation FAILED: roc1772630050346 --- Error: locator.fill: Target page, context or browser has been closed
Call log:
[2m  - waiting for getByRole('textbox', { name: 'Search by name, phone, or email...' })[22m

[2026-03-04 18:48:04] ERROR: Test Failed: ROC creates multiple users sequentially
[2026-03-04 18:50:47] INFO: Starting Test: First ROC Login
[2026-03-04 18:50:50] INFO: Starting login process
[2026-03-04 18:50:52] INFO: Role selection popup appeared.
[2026-03-04 18:50:53] INFO: ROC role selected and navigated to dashboard.
[2026-03-04 18:50:53] INFO: Starting Dashboard validation test
[2026-03-04 18:50:54] INFO: Dashboard heading is visible
[2026-03-04 18:50:54] INFO: Starting logout process
[2026-03-04 18:50:55] INFO: Logout successful
[2026-03-04 18:50:55] INFO: Test Passed: First ROC Login
[2026-03-04 18:50:58] INFO: Starting Test: ROC creates multiple users sequentially
[2026-03-04 18:51:01] INFO: Starting login process
[2026-03-04 18:51:03] INFO: Role selection popup appeared.
[2026-03-04 18:51:05] INFO: ROC role selected and navigated to dashboard.
[2026-03-04 18:51:05] INFO: --- Starting creation for user: roc1772630465273 | roc_1772630465273@test.com ---
[2026-03-04 18:51:05] INFO: Navigating to Role Management...
[2026-03-04 18:51:06] INFO: Clicking Create Account...
[2026-03-04 18:51:07] INFO: Filling user details and submitting form...
[2026-03-04 18:51:21] INFO: Searching user in User Management...
[2026-03-04 18:56:09] ERROR: Test Failed: ROC creates multiple users sequentially
[2026-03-04 18:56:09] ERROR: --- User creation FAILED: roc1772630465273 --- Error: locator.fill: Target page, context or browser has been closed
Call log:
[2m  - waiting for getByRole('textbox', { name: 'Search by name, phone, or email...' })[22m

[2026-03-04 18:56:20] INFO: Starting Test: First ROC Login
[2026-03-04 18:56:29] INFO: Starting login process
[2026-03-04 18:56:33] INFO: Role selection popup appeared.
[2026-03-04 18:56:35] INFO: ROC role selected and navigated to dashboard.
[2026-03-04 18:56:35] INFO: Starting Dashboard validation test
[2026-03-04 18:56:36] INFO: Dashboard heading is visible
[2026-03-04 18:56:36] INFO: Starting logout process
[2026-03-04 18:56:38] INFO: Logout successful
[2026-03-04 18:56:38] INFO: Test Passed: First ROC Login
[2026-03-04 18:56:41] INFO: Starting Test: ROC creates multiple users sequentially
[2026-03-04 18:56:45] INFO: Starting login process
[2026-03-04 18:56:47] INFO: Role selection popup appeared.
[2026-03-04 18:56:49] INFO: ROC role selected and navigated to dashboard.
[2026-03-04 18:56:49] INFO: --- Starting creation for user: roc1772630809074 | roc_1772630809074@test.com ---
[2026-03-04 18:56:49] INFO: Navigating to Role Management...
[2026-03-04 18:56:50] INFO: Clicking Create Account...
[2026-03-04 18:56:51] INFO: Filling user details and submitting form...
[2026-03-04 18:57:04] INFO: Searching user in User Management...
[2026-03-04 18:58:58] ERROR: --- User creation FAILED: roc1772630809074 --- Error: locator.fill: Target page, context or browser has been closed
Call log:
[2m  - waiting for getByRole('textbox', { name: 'Search by name, phone, or email...' })[22m

[2026-03-04 18:58:58] ERROR: Test Failed: ROC creates multiple users sequentially
[2026-03-04 19:03:21] INFO: Starting Test: First ROC Login
[2026-03-04 19:03:25] INFO: Starting login process
[2026-03-04 19:03:28] INFO: Role selection popup appeared.
[2026-03-04 19:03:30] INFO: ROC role selected and navigated to dashboard.
[2026-03-04 19:03:30] INFO: Starting Dashboard validation test
[2026-03-04 19:03:30] INFO: Dashboard heading is visible
[2026-03-04 19:03:30] INFO: Starting logout process
[2026-03-04 19:03:32] INFO: Logout successful
[2026-03-04 19:03:32] INFO: Test Passed: First ROC Login
[2026-03-04 19:03:35] INFO: Starting Test: ROC creates multiple users sequentially
[2026-03-04 19:03:38] INFO: Starting login process
[2026-03-04 19:03:42] INFO: Role selection popup appeared.
[2026-03-04 19:03:44] INFO: ROC role selected and navigated to dashboard.
[2026-03-04 19:04:03] INFO: User creation SUCCESS: roc1772631224405
[2026-03-04 19:07:24] ERROR: Test Failed: ROC creates multiple users sequentially
[2026-03-04 19:07:24] ERROR: Table validation FAILED for user: roc1772631224405 → Error: locator.fill: Target page, context or browser has been closed
Call log:
[2m  - waiting for getByRole('textbox', { name: 'Search by name, phone, or email...' })[22m

[2026-03-04 19:07:37] INFO: Starting Test: First ROC Login
[2026-03-04 19:07:41] INFO: Starting login process
[2026-03-04 19:07:43] INFO: Role selection popup appeared.
[2026-03-04 19:07:44] INFO: ROC role selected and navigated to dashboard.
[2026-03-04 19:07:44] INFO: Starting Dashboard validation test
[2026-03-04 19:07:44] INFO: Dashboard heading is visible
[2026-03-04 19:07:44] INFO: Starting logout process
[2026-03-04 19:07:46] INFO: Logout successful
[2026-03-04 19:07:46] INFO: Test Passed: First ROC Login
[2026-03-04 19:07:49] INFO: Starting Test: ROC creates multiple users sequentially
[2026-03-04 19:07:52] INFO: Starting login process
[2026-03-04 19:07:53] INFO: Role selection popup appeared.
[2026-03-04 19:07:54] INFO: ROC role selected and navigated to dashboard.
[2026-03-04 19:08:16] INFO: User creation SUCCESS: roc1772631474713
[2026-03-04 19:11:13] ERROR: Test Failed: ROC creates multiple users sequentially
[2026-03-04 19:11:13] ERROR: Table validation FAILED for user: roc1772631474713 → Error: locator.fill: Target page, context or browser has been closed
Call log:
[2m  - waiting for getByRole('textbox', { name: 'Search by name, phone, or email...' })[22m

[2026-03-04 19:11:28] INFO: Starting Test: First ROC Login
[2026-03-04 19:11:29] INFO: Starting Test: ROC creates multiple users sequentially
[2026-03-04 19:11:29] INFO: Starting login process
[2026-03-04 19:11:30] INFO: Starting login process
[2026-03-04 19:11:31] INFO: Role selection popup appeared.
[2026-03-04 19:11:31] INFO: Role selection popup appeared.
[2026-03-04 19:11:31] INFO: ROC role selected and navigated to dashboard.
[2026-03-04 19:11:31] INFO: Starting Dashboard validation test
[2026-03-04 19:11:32] INFO: ROC role selected and navigated to dashboard.
[2026-03-04 19:11:33] INFO: Dashboard heading is visible
[2026-03-04 19:11:33] INFO: Starting logout process
[2026-03-04 19:11:35] INFO: Logout successful
[2026-03-04 19:11:35] INFO: Test Passed: First ROC Login
[2026-03-04 19:11:42] INFO: User creation SUCCESS: roc1772631692261
[2026-03-04 19:11:58] ERROR: Test Failed: ROC creates multiple users sequentially
[2026-03-04 19:11:58] INFO: Screenshot attached to Allure report
[2026-03-04 19:12:01] ERROR: Table validation FAILED for user: roc1772631692261 → Error: locator.fill: Test timeout of 30000ms exceeded.
Call log:
[2m  - waiting for getByRole('textbox', { name: 'Search by name, phone, or email...' })[22m

[2026-03-04 19:14:43] INFO: Starting Test: ROC creates multiple users sequentially
[2026-03-04 19:14:43] INFO: Starting Test: First ROC Login
[2026-03-04 19:14:45] INFO: Starting login process
[2026-03-04 19:14:45] INFO: Starting login process
[2026-03-04 19:14:46] INFO: Role selection popup appeared.
[2026-03-04 19:14:46] INFO: Role selection popup appeared.
[2026-03-04 19:14:47] INFO: ROC role selected and navigated to dashboard.
[2026-03-04 19:14:47] INFO: Starting Dashboard validation test
[2026-03-04 19:14:47] INFO: ROC role selected and navigated to dashboard.
[2026-03-04 19:14:49] INFO: Dashboard heading is visible
[2026-03-04 19:14:49] INFO: Starting logout process
[2026-03-04 19:14:50] INFO: Logout successful
[2026-03-04 19:14:50] INFO: Test Passed: First ROC Login
[2026-03-04 19:14:59] INFO: User creation SUCCESS: roc1772631888297
[2026-03-04 19:14:59] INFO: Skipping table validation for user: roc1772631888297 → search box not visible
[2026-03-04 19:15:10] INFO: User creation SUCCESS: roc1772631899779
[2026-03-04 19:15:10] WARN: User not found in User Management table: roc1772631899779
[2026-03-04 19:15:10] INFO: --- Completed ROC sequential creation test ---
[2026-03-04 19:15:10] INFO: Test Passed: ROC creates multiple users sequentially
[2026-03-04 19:19:05] INFO: Starting Test: ROC creates multiple users sequentially
[2026-03-04 19:19:05] INFO: Starting Test: First ROC Login
[2026-03-04 19:19:06] INFO: Starting login process
[2026-03-04 19:19:06] INFO: Starting login process
[2026-03-04 19:19:07] INFO: Role selection popup appeared.
[2026-03-04 19:19:07] INFO: Role selection popup appeared.
[2026-03-04 19:19:08] INFO: ROC role selected and navigated to dashboard.
[2026-03-04 19:19:08] INFO: Starting Dashboard validation test
[2026-03-04 19:19:08] INFO: ROC role selected and navigated to dashboard.
[2026-03-04 19:19:09] INFO: Dashboard heading is visible
[2026-03-04 19:19:10] INFO: Starting logout process
[2026-03-04 19:19:11] INFO: Logout successful
[2026-03-04 19:19:11] INFO: Test Passed: First ROC Login
[2026-03-04 19:19:18] INFO: User creation SUCCESS: roc1772632148584
[2026-03-04 19:19:18] WARN: Search box not visible. Skipping table validation for roc1772632148584
[2026-03-04 19:19:29] INFO: User creation SUCCESS: roc1772632158975
[2026-03-04 19:19:29] ERROR: User not found in User Management table: roc1772632158975
[2026-03-04 19:19:29] ERROR: Test Failed: ROC creates multiple users sequentially
[2026-03-04 19:19:29] INFO: Screenshot attached to Allure report
[2026-03-04 19:24:13] INFO: Starting Test: First ROC Login
[2026-03-04 19:24:13] INFO: Starting Test: ROC creates multiple users sequentially
[2026-03-04 19:24:14] INFO: Starting login process
[2026-03-04 19:24:14] INFO: Starting login process
[2026-03-04 19:24:15] INFO: Role selection popup appeared.
[2026-03-04 19:24:16] INFO: Role selection popup appeared.
[2026-03-04 19:24:16] INFO: ROC role selected and navigated to dashboard.
[2026-03-04 19:24:16] INFO: Starting Dashboard validation test
[2026-03-04 19:24:16] INFO: ROC role selected and navigated to dashboard.
[2026-03-04 19:24:18] INFO: Dashboard heading is visible
[2026-03-04 19:24:18] INFO: Starting logout process
[2026-03-04 19:24:20] INFO: Logout successful
[2026-03-04 19:24:20] INFO: Test Passed: First ROC Login
[2026-03-04 19:24:26] INFO: User creation SUCCESS: roc1772632456590
[2026-03-04 19:24:31] ERROR: Table validation FAILED for user: roc1772632456590 → locator.waitFor: Timeout 5000ms exceeded.
Call log:
[2m  - waiting for getByRole('textbox', { name: 'Search by name, phone, or email...' }) to be visible[22m

[2026-03-04 19:24:31] ERROR: Test Failed: ROC creates multiple users sequentially
[2026-03-04 19:24:32] INFO: Screenshot attached to Allure report
[2026-03-04 19:26:11] INFO: Starting Test: ROC creates user: Auto2 Test2
[2026-03-04 19:26:11] INFO: Starting Test: ROC creates user: Auto Test
[2026-03-04 19:26:11] INFO: Starting Test: First ROC Login
[2026-03-04 19:26:12] INFO: Starting login process
[2026-03-04 19:26:12] INFO: Starting login process
[2026-03-04 19:26:12] INFO: Starting login process
[2026-03-04 19:26:13] INFO: Role selection popup appeared.
[2026-03-04 19:26:14] INFO: Role selection popup appeared.
[2026-03-04 19:26:14] INFO: Role selection popup appeared.
[2026-03-04 19:26:14] INFO: ROC role selected and navigated to dashboard.
[2026-03-04 19:26:14] INFO: ROC role selected and navigated to dashboard.
[2026-03-04 19:26:14] INFO: Starting Dashboard validation test
[2026-03-04 19:26:14] INFO: ROC role selected and navigated to dashboard.
[2026-03-04 19:26:17] INFO: Dashboard heading is visible
[2026-03-04 19:26:17] INFO: Starting logout process
[2026-03-04 19:26:19] INFO: Logout successful
[2026-03-04 19:26:19] INFO: Test Passed: First ROC Login
[2026-03-04 19:26:29] INFO: User creation SUCCESS: roc1772632574972
[2026-03-04 19:26:32] INFO: User creation SUCCESS: roc1772632574462
[2026-03-04 19:26:33] INFO: User validated in table: roc_1772632574462@test.com
[2026-03-04 19:26:33] INFO: Test Passed: ROC creates user: Auto2 Test2
[2026-03-04 19:26:39] ERROR: Table validation FAILED for roc1772632574972 → locator.waitFor: Timeout 10000ms exceeded.
Call log:
[2m  - waiting for getByRole('textbox', { name: 'Search by name, phone, or email...' }) to be visible[22m

[2026-03-04 19:26:39] ERROR: Test Failed: ROC creates user: Auto Test
[2026-03-04 19:26:40] INFO: Screenshot attached to Allure report
[2026-03-04 19:31:36] INFO: Starting Test: ROC creates multiple users sequentially (soft failures)
[2026-03-04 19:31:36] INFO: Starting Test: First ROC Login
[2026-03-04 19:31:37] INFO: Starting login process
[2026-03-04 19:31:37] INFO: Starting login process
[2026-03-04 19:31:38] INFO: Role selection popup appeared.
[2026-03-04 19:31:38] INFO: Role selection popup appeared.
[2026-03-04 19:31:39] INFO: ROC role selected and navigated to dashboard.
[2026-03-04 19:31:39] INFO: ROC role selected and navigated to dashboard.
[2026-03-04 19:31:39] INFO: Starting Dashboard validation test
[2026-03-04 19:31:40] INFO: Dashboard heading is visible
[2026-03-04 19:31:40] INFO: Starting logout process
[2026-03-04 19:31:42] INFO: Logout successful
[2026-03-04 19:31:42] INFO: Test Passed: First ROC Login
[2026-03-04 19:31:49] INFO: User creation SUCCESS: roc1772632899304
[2026-03-04 19:31:59] ERROR: Table validation FAILED for roc1772632899304 → locator.waitFor: Timeout 10000ms exceeded.
Call log:
[2m  - waiting for getByRole('textbox', { name: 'Search by name, phone, or email...' }) to be visible[22m

[2026-03-04 19:32:05] ERROR: Test Failed: ROC creates multiple users sequentially (soft failures)
[2026-03-04 19:32:06] INFO: Screenshot attached to Allure report
[2026-03-04 19:32:09] INFO: User creation SUCCESS: roc1772632919241
[2026-03-04 19:32:09] ERROR: Table validation FAILED for roc1772632919241 → locator.waitFor: Target page, context or browser has been closed
[2026-03-04 19:32:47] INFO: Starting Test: First ROC Login
[2026-03-04 19:32:48] INFO: Starting Test: ROC creates user: Auto Test
[2026-03-04 19:32:48] INFO: Starting Test: ROC creates user: Auto2 Test2
[2026-03-04 19:32:48] INFO: Starting login process
[2026-03-04 19:32:49] INFO: Starting login process
[2026-03-04 19:32:49] INFO: Starting login process
[2026-03-04 19:32:50] INFO: Role selection popup appeared.
[2026-03-04 19:32:50] INFO: Role selection popup appeared.
[2026-03-04 19:32:51] INFO: ROC role selected and navigated to dashboard.
[2026-03-04 19:32:51] INFO: Starting Dashboard validation test
[2026-03-04 19:32:51] INFO: Role selection popup appeared.
[2026-03-04 19:32:51] INFO: ROC role selected and navigated to dashboard.
[2026-03-04 19:32:52] INFO: ROC role selected and navigated to dashboard.
[2026-03-04 19:32:54] INFO: Dashboard heading is visible
[2026-03-04 19:32:55] INFO: Starting logout process
[2026-03-04 19:32:56] INFO: Logout successful
[2026-03-04 19:32:56] INFO: Test Passed: First ROC Login
[2026-03-04 19:33:06] INFO: User creation SUCCESS: roc1772632971171
[2026-03-04 19:33:09] INFO: User creation SUCCESS: roc1772632972198
[2026-03-04 19:33:10] INFO: User validated in table: roc_1772632972198@test.com
[2026-03-04 19:33:10] INFO: Test Passed: ROC creates user: Auto2 Test2
[2026-03-04 19:33:16] ERROR: Table validation FAILED for roc1772632971171 → locator.waitFor: Timeout 10000ms exceeded.
Call log:
[2m  - waiting for getByRole('textbox', { name: 'Search by name, phone, or email...' }) to be visible[22m

[2026-03-04 19:33:16] ERROR: Test Failed: ROC creates user: Auto Test
[2026-03-04 19:33:16] INFO: Screenshot attached to Allure report
[2026-03-05 10:34:42] INFO: Starting Test: First ROC Login
[2026-03-05 10:34:55] INFO: Starting login process
[2026-03-05 10:34:57] INFO: Role selection popup appeared.
[2026-03-05 10:34:58] INFO: ROC role selected and navigated to dashboard.
[2026-03-05 10:34:58] INFO: Starting Dashboard validation test
[2026-03-05 10:34:59] INFO: Dashboard heading is visible
[2026-03-05 10:34:59] INFO: Starting logout process
[2026-03-05 10:35:00] INFO: Logout successful
[2026-03-05 10:35:00] INFO: Test Passed: First ROC Login
[2026-03-05 10:35:01] INFO: Starting Test: ROC creates user: Auto Test
[2026-03-05 10:35:05] INFO: Starting login process
[2026-03-05 10:35:07] INFO: Role selection popup appeared.
[2026-03-05 10:35:10] INFO: ROC role selected and navigated to dashboard.
[2026-03-05 10:35:41] ERROR: User creation FAILED: roc1772687110357 → Validation errors: City is required
[2026-03-05 10:35:42] INFO: Test Passed: ROC creates user: Auto Test
[2026-03-05 10:35:48] INFO: Starting Test: ROC creates user: Auto2 Test2
[2026-03-05 10:35:51] INFO: Starting login process
[2026-03-05 10:35:53] INFO: Role selection popup appeared.
[2026-03-05 10:35:54] INFO: ROC role selected and navigated to dashboard.
[2026-03-05 10:36:08] INFO: User creation SUCCESS: roc1772687154755
[2026-03-05 10:36:11] INFO: User validated in table: roc_1772687154755@test.com
[2026-03-05 10:36:11] INFO: Test Passed: ROC creates user: Auto2 Test2
[2026-03-05 10:39:07] INFO: Starting Test: First ROC Login
[2026-03-05 10:39:14] INFO: Starting login process
[2026-03-05 10:39:17] INFO: Role selection popup appeared.
[2026-03-05 10:39:19] INFO: ROC role selected and navigated to dashboard.
[2026-03-05 10:39:19] INFO: Starting Dashboard validation test
[2026-03-05 10:39:20] INFO: Dashboard heading is visible
[2026-03-05 10:39:20] INFO: Starting logout process
[2026-03-05 10:39:22] INFO: Logout successful
[2026-03-05 10:39:22] INFO: Test Passed: First ROC Login
[2026-03-05 10:39:24] INFO: Starting Test: ROC creates user: Auto Test
[2026-03-05 10:39:29] INFO: Starting login process
[2026-03-05 10:39:31] INFO: Role selection popup appeared.
[2026-03-05 10:39:31] INFO: ROC role selected and navigated to dashboard.
[2026-03-05 10:39:52] ERROR: User creation FAILED: roc1772687371928 → Validation errors: City is required
[2026-03-05 10:39:54] INFO: Test Passed: ROC creates user: Auto Test
[2026-03-05 10:39:57] INFO: Starting Test: ROC creates user: Auto2 Test2
[2026-03-05 10:40:03] INFO: Starting login process
[2026-03-05 10:40:05] INFO: Role selection popup appeared.
[2026-03-05 10:40:06] INFO: ROC role selected and navigated to dashboard.
[2026-03-05 10:40:19] INFO: User creation SUCCESS: roc1772687406254
[2026-03-05 10:40:21] INFO: User validated in table: roc_1772687406254@test.com
[2026-03-05 10:40:21] INFO: Test Passed: ROC creates user: Auto2 Test2
[2026-03-05 10:42:55] INFO: Starting Test: First ROC Login
[2026-03-05 10:42:58] INFO: Starting login process
[2026-03-05 10:43:00] INFO: Role selection popup appeared.
[2026-03-05 10:43:00] INFO: ROC role selected and navigated to dashboard.
[2026-03-05 10:43:00] INFO: Starting Dashboard validation test
[2026-03-05 10:43:02] INFO: Dashboard heading is visible
[2026-03-05 10:43:02] INFO: Starting logout process
[2026-03-05 10:43:03] INFO: Logout successful
[2026-03-05 10:43:03] INFO: Test Passed: First ROC Login
[2026-03-05 10:43:05] INFO: Starting Test: ROC creates user: Auto Test
[2026-03-05 10:43:08] INFO: Starting login process
[2026-03-05 10:43:10] INFO: Role selection popup appeared.
[2026-03-05 10:43:11] INFO: ROC role selected and navigated to dashboard.
[2026-03-05 10:43:29] ERROR: User creation FAILED: roc1772687591508 → Validation errors: City is required
[2026-03-05 10:43:30] ERROR: Test Failed: ROC creates user: Auto Test
[2026-03-05 10:43:31] INFO: Screenshot attached to Allure report
[2026-03-05 10:45:51] INFO: Starting Test: First ROC Login
[2026-03-05 10:45:54] INFO: Starting login process
[2026-03-05 10:45:56] INFO: Role selection popup appeared.
[2026-03-05 10:45:56] INFO: ROC role selected and navigated to dashboard.
[2026-03-05 10:45:56] INFO: Starting Dashboard validation test
[2026-03-05 10:45:57] INFO: Dashboard heading is visible
[2026-03-05 10:45:57] INFO: Starting logout process
[2026-03-05 10:45:59] INFO: Logout successful
[2026-03-05 10:45:59] INFO: Test Passed: First ROC Login
[2026-03-05 10:46:00] INFO: Starting Test: ROC creates user: Auto Test
[2026-03-05 10:46:04] INFO: Starting login process
[2026-03-05 10:46:06] INFO: Role selection popup appeared.
[2026-03-05 10:46:07] INFO: ROC role selected and navigated to dashboard.
[2026-03-05 10:46:23] ERROR: User creation FAILED: roc1772687767242 → Validation errors: City is required
[2026-03-05 10:46:24] ERROR: Test Failed: ROC creates user: Auto Test
[2026-03-05 10:46:25] INFO: Screenshot attached to Allure report
